{"meta": {"format": 3, "version": "7.14.1", "timestamp": "2026-05-31T20:16:05.335473", "branch_coverage": false, "show_contexts": false}, "files": {"src\\needradar\\__init__.py": {"executed_lines": [3], "summary": {"covered_lines": 1, "num_statements": 1, "percent_covered": 100.0, "percent_covered_display": "100", "missing_lines": 0, "excluded_lines": 0, "percent_statements_covered": 100.0, "percent_statements_covered_display": "100"}, "missing_lines": [], "excluded_lines": [], "functions": {"": {"executed_lines": [3], "summary": {"covered_lines": 1, "num_statements": 1, "percent_covered": 100.0, "percent_covered_display": "100", "missing_lines": 0, "excluded_lines": 0, "percent_statements_covered": 100.0, "percent_statements_covered_display": "100"}, "missing_lines": [], "excluded_lines": [], "start_line": 1}}, "classes": {"": {"executed_lines": [3], "summary": {"covered_lines": 1, "num_statements": 1, "percent_covered": 100.0, "percent_covered_display": "100", "missing_lines": 0, "excluded_lines": 0, "percent_statements_covered": 100.0, "percent_statements_covered_display": "100"}, "missing_lines": [], "excluded_lines": [], "start_line": 1}}}, "src\\needradar\\api\\__init__.py": {"executed_lines": [], "summary": {"covered_lines": 0, "num_statements": 0, "percent_covered": 100.0, "percent_covered_display": "100", "missing_lines": 0, "excluded_lines": 0, "percent_statements_covered": 100.0, "percent_statements_covered_display": "100"}, "missing_lines": [], "excluded_lines": [], "functions": {"": {"executed_lines": [], "summary": {"covered_lines": 0, "num_statements": 0, "percent_covered": 100.0, "percent_covered_display": "100", "missing_lines": 0, "excluded_lines": 0, "percent_statements_covered": 100.0, "percent_statements_covered_display": "100"}, "missing_lines": [], "excluded_lines": [], "start_line": 1}}, "classes": {"": {"executed_lines": [], "summary": {"covered_lines": 0, "num_statements": 0, "percent_covered": 100.0, "percent_covered_display": "100", "missing_lines": 0, "excluded_lines": 0, "percent_statements_covered": 100.0, "percent_statements_covered_display": "100"}, "missing_lines": [], "excluded_lines": [], "start_line": 1}}}, "src\\needradar\\api\\v1\\__init__.py": {"executed_lines": [], "summary": {"covered_lines": 0, "num_statements": 0, "percent_covered": 100.0, "percent_covered_display": "100", "missing_lines": 0, "excluded_lines": 0, "percent_statements_covered": 100.0, "percent_statements_covered_display": "100"}, "missing_lines": [], "excluded_lines": [], "functions": {"": {"executed_lines": [], "summary": {"covered_lines": 0, "num_statements": 0, "percent_covered": 100.0, "percent_covered_display": "100", "missing_lines": 0, "excluded_lines": 0, "percent_statements_covered": 100.0, "percent_statements_covered_display": "100"}, "missing_lines": [], "excluded_lines": [], "start_line": 1}}, "classes": {"": {"executed_lines": [], "summary": {"covered_lines": 0, "num_statements": 0, "percent_covered": 100.0, "percent_covered_display": "100", "missing_lines": 0, "excluded_lines": 0, "percent_statements_covered": 100.0, "percent_statements_covered_display": "100"}, "missing_lines": [], "excluded_lines": [], "start_line": 1}}}, "src\\needradar\\api\\v1\\dashboard.py": {"executed_lines": [1, 3, 5, 6, 7, 9, 10, 11, 12, 14, 16, 17, 20, 21, 22, 23, 26, 28, 29, 31, 32, 33, 39, 41, 48, 49, 50], "summary": {"covered_lines": 27, "num_statements": 32, "percent_covered": 84.375, "percent_covered_display": "84", "missing_lines": 5, "excluded_lines": 0, "percent_statements_covered": 84.375, "percent_statements_covered_display": "84"}, "missing_lines": [24, 34, 35, 36, 37], "excluded_lines": [], "functions": {"get_dashboard": {"executed_lines": [22, 23, 26, 28, 29, 31, 32, 33, 39, 41, 48, 49, 50], "summary": {"covered_lines": 13, "num_statements": 18, "percent_covered": 72.22222222222223, "percent_covered_display": "72", "missing_lines": 5, "excluded_lines": 0, "percent_statements_covered": 72.22222222222223, "percent_statements_covered_display": "72"}, "missing_lines": [24, 34, 35, 36, 37], "excluded_lines": [], "start_line": 21}, "": {"executed_lines": [1, 3, 5, 6, 7, 9, 10, 11, 12, 14, 16, 17, 20, 21], "summary": {"covered_lines": 14, "num_statements": 14, "percent_covered": 100.0, "percent_covered_display": "100", "missing_lines": 0, "excluded_lines": 0, "percent_statements_covered": 100.0, "percent_statements_covered_display": "100"}, "missing_lines": [], "excluded_lines": [], "start_line": 1}}, "classes": {"": {"executed_lines": [1, 3, 5, 6, 7, 9, 10, 11, 12, 14, 16, 17, 20, 21, 22, 23, 26, 28, 29, 31, 32, 33, 39, 41, 48, 49, 50], "summary": {"covered_lines": 27, "num_statements": 32, "percent_covered": 84.375, "percent_covered_display": "84", "missing_lines": 5, "excluded_lines": 0, "percent_statements_covered": 84.375, "percent_statements_covered_display": "84"}, "missing_lines": [24, 34, 35, 36, 37], "excluded_lines": [], "start_line": 1}}}, "src\\needradar\\api\\v1\\llm_config.py": {"executed_lines": [1, 3, 4, 6, 7, 9, 12, 13, 14, 15, 18, 19, 20, 21, 22, 25, 26, 36, 37, 52, 53], "summary": {"covered_lines": 21, "num_statements": 33, "percent_covered": 63.63636363636363, "percent_covered_display": "64", "missing_lines": 12, "excluded_lines": 0, "percent_statements_covered": 63.63636363636363, "percent_statements_covered_display": "64"}, "missing_lines": [27, 38, 39, 40, 41, 47, 48, 49, 54, 55, 56, 57], "excluded_lines": [], "functions": {"list_presets": {"executed_lines": [], "summary": {"covered_lines": 0, "num_statements": 1, "percent_covered": 0.0, "percent_covered_display": "0", "missing_lines": 1, "excluded_lines": 0, "percent_statements_covered": 0.0, "percent_statements_covered_display": "0"}, "missing_lines": [27], "excluded_lines": [], "start_line": 26}, "update_preset": {"executed_lines": [], "summary": {"covered_lines": 0, "num_statements": 7, "percent_covered": 0.0, "percent_covered_display": "0", "missing_lines": 7, "excluded_lines": 0, "percent_statements_covered": 0.0, "percent_statements_covered_display": "0"}, "missing_lines": [38, 39, 40, 41, 47, 48, 49], "excluded_lines": [], "start_line": 37}, "test_model": {"executed_lines": [], "summary": {"covered_lines": 0, "num_statements": 4, "percent_covered": 0.0, "percent_covered_display": "0", "missing_lines": 4, "excluded_lines": 0, "percent_statements_covered": 0.0, "percent_statements_covered_display": "0"}, "missing_lines": [54, 55, 56, 57], "excluded_lines": [], "start_line": 53}, "": {"executed_lines": [1, 3, 4, 6, 7, 9, 12, 13, 14, 15, 18, 19, 20, 21, 22, 25, 26, 36, 37, 52, 53], "summary": {"covered_lines": 21, "num_statements": 21, "percent_covered": 100.0, "percent_covered_display": "100", "missing_lines": 0, "excluded_lines": 0, "percent_statements_covered": 100.0, "percent_statements_covered_display": "100"}, "missing_lines": [], "excluded_lines": [], "start_line": 1}}, "classes": {"PresetUpdateRequest": {"executed_lines": [], "summary": {"covered_lines": 0, "num_statements": 0, "percent_covered": 100.0, "percent_covered_display": "100", "missing_lines": 0, "excluded_lines": 0, "percent_statements_covered": 100.0, "percent_statements_covered_display": "100"}, "missing_lines": [], "excluded_lines": [], "start_line": 12}, "TestResponse": {"executed_lines": [], "summary": {"covered_lines": 0, "num_statements": 0, "percent_covered": 100.0, "percent_covered_display": "100", "missing_lines": 0, "excluded_lines": 0, "percent_statements_covered": 100.0, "percent_statements_covered_display": "100"}, "missing_lines": [], "excluded_lines": [], "start_line": 18}, "": {"executed_lines": [1, 3, 4, 6, 7, 9, 12, 13, 14, 15, 18, 19, 20, 21, 22, 25, 26, 36, 37, 52, 53], "summary": {"covered_lines": 21, "num_statements": 33, "percent_covered": 63.63636363636363, "percent_covered_display": "64", "missing_lines": 12, "excluded_lines": 0, "percent_statements_covered": 63.63636363636363, "percent_statements_covered_display": "64"}, "missing_lines": [27, 38, 39, 40, 41, 47, 48, 49, 54, 55, 56, 57], "excluded_lines": [], "start_line": 1}}}, "src\\needradar\\api\\v1\\prompt_optimizer.py": {"executed_lines": [2, 3, 5, 7, 10, 11, 14, 19, 20, 27, 28, 33, 34, 38, 39], "summary": {"covered_lines": 15, "num_statements": 23, "percent_covered": 65.21739130434783, "percent_covered_display": "65", "missing_lines": 8, "excluded_lines": 0, "percent_statements_covered": 65.21739130434783, "percent_statements_covered_display": "65"}, "missing_lines": [21, 22, 23, 24, 29, 30, 35, 40], "excluded_lines": [], "functions": {"start_optimization": {"executed_lines": [], "summary": {"covered_lines": 0, "num_statements": 4, "percent_covered": 0.0, "percent_covered_display": "0", "missing_lines": 4, "excluded_lines": 0, "percent_statements_covered": 0.0, "percent_statements_covered_display": "0"}, "missing_lines": [21, 22, 23, 24], "excluded_lines": [], "start_line": 20}, "stop_optimization": {"executed_lines": [], "summary": {"covered_lines": 0, "num_statements": 2, "percent_covered": 0.0, "percent_covered_display": "0", "missing_lines": 2, "excluded_lines": 0, "percent_statements_covered": 0.0, "percent_statements_covered_display": "0"}, "missing_lines": [29, 30], "excluded_lines": [], "start_line": 28}, "get_status": {"executed_lines": [], "summary": {"covered_lines": 0, "num_statements": 1, "percent_covered": 0.0, "percent_covered_display": "0", "missing_lines": 1, "excluded_lines": 0, "percent_statements_covered": 0.0, "percent_statements_covered_display": "0"}, "missing_lines": [35], "excluded_lines": [], "start_line": 34}, "get_results": {"executed_lines": [], "summary": {"covered_lines": 0, "num_statements": 1, "percent_covered": 0.0, "percent_covered_display": "0", "missing_lines": 1, "excluded_lines": 0, "percent_statements_covered": 0.0, "percent_statements_covered_display": "0"}, "missing_lines": [40], "excluded_lines": [], "start_line": 39}, "": {"executed_lines": [2, 3, 5, 7, 10, 11, 14, 19, 20, 27, 28, 33, 34, 38, 39], "summary": {"covered_lines": 15, "num_statements": 15, "percent_covered": 100.0, "percent_covered_display": "100", "missing_lines": 0, "excluded_lines": 0, "percent_statements_covered": 100.0, "percent_statements_covered_display": "100"}, "missing_lines": [], "excluded_lines": [], "start_line": 1}}, "classes": {"StartRequest": {"executed_lines": [], "summary": {"covered_lines": 0, "num_statements": 0, "percent_covered": 100.0, "percent_covered_display": "100", "missing_lines": 0, "excluded_lines": 0, "percent_statements_covered": 100.0, "percent_statements_covered_display": "100"}, "missing_lines": [], "excluded_lines": [], "start_line": 10}, "StartResponse": {"executed_lines": [], "summary": {"covered_lines": 0, "num_statements": 0, "percent_covered": 100.0, "percent_covered_display": "100", "missing_lines": 0, "excluded_lines": 0, "percent_statements_covered": 100.0, "percent_statements_covered_display": "100"}, "missing_lines": [], "excluded_lines": [], "start_line": 14}, "": {"executed_lines": [2, 3, 5, 7, 10, 11, 14, 19, 20, 27, 28, 33, 34, 38, 39], "summary": {"covered_lines": 15, "num_statements": 23, "percent_covered": 65.21739130434783, "percent_covered_display": "65", "missing_lines": 8, "excluded_lines": 0, "percent_statements_covered": 65.21739130434783, "percent_statements_covered_display": "65"}, "missing_lines": [21, 22, 23, 24, 29, 30, 35, 40], "excluded_lines": [], "start_line": 1}}}, "src\\needradar\\api\\v1\\reports.py": {"executed_lines": [1, 3, 5, 6, 8, 9, 10, 12, 15, 16, 29, 30, 56, 57, 58, 59, 60, 69, 72, 73], "summary": {"covered_lines": 20, "num_statements": 49, "percent_covered": 40.816326530612244, "percent_covered_display": "41", "missing_lines": 29, "excluded_lines": 0, "percent_statements_covered": 40.816326530612244, "percent_statements_covered_display": "41"}, "missing_lines": [17, 18, 19, 20, 35, 36, 37, 38, 39, 40, 41, 42, 43, 44, 45, 46, 53, 61, 62, 63, 64, 75, 76, 77, 78, 79, 80, 81, 88], "excluded_lines": [], "functions": {"generate_report": {"executed_lines": [], "summary": {"covered_lines": 0, "num_statements": 4, "percent_covered": 0.0, "percent_covered_display": "0", "missing_lines": 4, "excluded_lines": 0, "percent_statements_covered": 0.0, "percent_statements_covered_display": "0"}, "missing_lines": [17, 18, 19, 20], "excluded_lines": [], "start_line": 16}, "list_reports": {"executed_lines": [], "summary": {"covered_lines": 0, "num_statements": 13, "percent_covered": 0.0, "percent_covered_display": "0", "missing_lines": 13, "excluded_lines": 0, "percent_statements_covered": 0.0, "percent_statements_covered_display": "0"}, "missing_lines": [35, 36, 37, 38, 39, 40, 41, 42, 43, 44, 45, 46, 53], "excluded_lines": [], "start_line": 30}, "download_report": {"executed_lines": [58, 59, 60, 69], "summary": {"covered_lines": 4, "num_statements": 8, "percent_covered": 50.0, "percent_covered_display": "50", "missing_lines": 4, "excluded_lines": 0, "percent_statements_covered": 50.0, "percent_statements_covered_display": "50"}, "missing_lines": [61, 62, 63, 64], "excluded_lines": [], "start_line": 57}, "get_report_by_filename": {"executed_lines": [], "summary": {"covered_lines": 0, "num_statements": 8, "percent_covered": 0.0, "percent_covered_display": "0", "missing_lines": 8, "excluded_lines": 0, "percent_statements_covered": 0.0, "percent_statements_covered_display": "0"}, "missing_lines": [75, 76, 77, 78, 79, 80, 81, 88], "excluded_lines": [], "start_line": 73}, "": {"executed_lines": [1, 3, 5, 6, 8, 9, 10, 12, 15, 16, 29, 30, 56, 57, 72, 73], "summary": {"covered_lines": 16, "num_statements": 16, "percent_covered": 100.0, "percent_covered_display": "100", "missing_lines": 0, "excluded_lines": 0, "percent_statements_covered": 100.0, "percent_statements_covered_display": "100"}, "missing_lines": [], "excluded_lines": [], "start_line": 1}}, "classes": {"": {"executed_lines": [1, 3, 5, 6, 8, 9, 10, 12, 15, 16, 29, 30, 56, 57, 58, 59, 60, 69, 72, 73], "summary": {"covered_lines": 20, "num_statements": 49, "percent_covered": 40.816326530612244, "percent_covered_display": "41", "missing_lines": 29, "excluded_lines": 0, "percent_statements_covered": 40.816326530612244, "percent_statements_covered_display": "41"}, "missing_lines": [17, 18, 19, 20, 35, 36, 37, 38, 39, 40, 41, 42, 43, 44, 45, 46, 53, 61, 62, 63, 64, 75, 76, 77, 78, 79, 80, 81, 88], "excluded_lines": [], "start_line": 1}}}, "src\\needradar\\api\\v1\\requirements.py": {"executed_lines": [1, 3, 5, 6, 8, 9, 11, 14, 15, 22, 25, 26, 45, 50, 51, 52, 53, 54, 56, 57, 58, 59, 60, 61, 63, 64, 65, 68, 69, 103, 121, 201, 217, 222], "summary": {"covered_lines": 34, "num_statements": 152, "percent_covered": 22.36842105263158, "percent_covered_display": "22", "missing_lines": 118, "excluded_lines": 0, "percent_statements_covered": 22.36842105263158, "percent_statements_covered_display": "22"}, "missing_lines": [27, 28, 29, 31, 32, 71, 72, 74, 75, 76, 77, 78, 79, 80, 83, 85, 86, 87, 89, 97, 105, 106, 107, 108, 109, 110, 111, 112, 113, 114, 115, 116, 117, 118, 123, 124, 125, 126, 127, 129, 130, 133, 144, 146, 147, 150, 151, 153, 156, 157, 158, 159, 161, 163, 164, 165, 166, 167, 169, 171, 173, 174, 175, 176, 177, 178, 180, 183, 184, 185, 188, 190, 191, 192, 195, 196, 198, 203, 204, 205, 206, 207, 208, 209, 210, 211, 212, 213, 214, 218, 219, 224, 225, 226, 228, 229, 231, 232, 233, 234, 235, 236, 237, 239, 241, 242, 243, 244, 245, 247, 248, 249, 250, 252, 253, 255, 256, 258], "excluded_lines": [], "functions": {"list_requirements": {"executed_lines": [22, 25, 26, 45], "summary": {"covered_lines": 4, "num_statements": 9, "percent_covered": 44.44444444444444, "percent_covered_display": "44", "missing_lines": 5, "excluded_lines": 0, "percent_statements_covered": 44.44444444444444, "percent_statements_covered_display": "44"}, "missing_lines": [27, 28, 29, 31, 32], "excluded_lines": [], "start_line": 15}, "requirement_summary": {"executed_lines": [], "summary": {"covered_lines": 0, "num_statements": 15, "percent_covered": 0.0, "percent_covered_display": "0", "missing_lines": 15, "excluded_lines": 0, "percent_statements_covered": 0.0, "percent_statements_covered_display": "0"}, "missing_lines": [71, 72, 74, 75, 76, 77, 78, 79, 80, 83, 85, 86, 87, 89, 97], "excluded_lines": [], "start_line": 69}, "_extract_numbered_bold": {"executed_lines": [], "summary": {"covered_lines": 0, "num_statements": 14, "percent_covered": 0.0, "percent_covered_display": "0", "missing_lines": 14, "excluded_lines": 0, "percent_statements_covered": 0.0, "percent_statements_covered_display": "0"}, "missing_lines": [105, 106, 107, 108, 109, 110, 111, 112, 113, 114, 115, 116, 117, 118], "excluded_lines": [], "start_line": 103}, "_extract_pain_points": {"executed_lines": [], "summary": {"covered_lines": 0, "num_statements": 43, "percent_covered": 0.0, "percent_covered_display": "0", "missing_lines": 43, "excluded_lines": 0, "percent_statements_covered": 0.0, "percent_statements_covered_display": "0"}, "missing_lines": [123, 124, 125, 126, 127, 129, 130, 133, 144, 146, 147, 150, 151, 153, 156, 157, 158, 159, 161, 163, 164, 165, 166, 167, 169, 171, 173, 174, 175, 176, 177, 178, 180, 183, 184, 185, 188, 190, 191, 192, 195, 196, 198], "excluded_lines": [], "start_line": 121}, "_normalize_severity": {"executed_lines": [], "summary": {"covered_lines": 0, "num_statements": 12, "percent_covered": 0.0, "percent_covered_display": "0", "missing_lines": 12, "excluded_lines": 0, "percent_statements_covered": 0.0, "percent_statements_covered_display": "0"}, "missing_lines": [203, 204, 205, 206, 207, 208, 209, 210, 211, 212, 213, 214], "excluded_lines": [], "start_line": 201}, "_make_pain_point": {"executed_lines": [], "summary": {"covered_lines": 0, "num_statements": 2, "percent_covered": 0.0, "percent_covered_display": "0", "missing_lines": 2, "excluded_lines": 0, "percent_statements_covered": 0.0, "percent_statements_covered_display": "0"}, "missing_lines": [218, 219], "excluded_lines": [], "start_line": 217}, "_extract_categories": {"executed_lines": [], "summary": {"covered_lines": 0, "num_statements": 27, "percent_covered": 0.0, "percent_covered_display": "0", "missing_lines": 27, "excluded_lines": 0, "percent_statements_covered": 0.0, "percent_statements_covered_display": "0"}, "missing_lines": [224, 225, 226, 228, 229, 231, 232, 233, 234, 235, 236, 237, 239, 241, 242, 243, 244, 245, 247, 248, 249, 250, 252, 253, 255, 256, 258], "excluded_lines": [], "start_line": 222}, "": {"executed_lines": [1, 3, 5, 6, 8, 9, 11, 14, 15, 50, 51, 52, 53, 54, 56, 57, 58, 59, 60, 61, 63, 64, 65, 68, 69, 103, 121, 201, 217, 222], "summary": {"covered_lines": 30, "num_statements": 30, "percent_covered": 100.0, "percent_covered_display": "100", "missing_lines": 0, "excluded_lines": 0, "percent_statements_covered": 100.0, "percent_statements_covered_display": "100"}, "missing_lines": [], "excluded_lines": [], "start_line": 1}}, "classes": {"PainPoint": {"executed_lines": [], "summary": {"covered_lines": 0, "num_statements": 0, "percent_covered": 100.0, "percent_covered_display": "100", "missing_lines": 0, "excluded_lines": 0, "percent_statements_covered": 100.0, "percent_statements_covered_display": "100"}, "missing_lines": [], "excluded_lines": [], "start_line": 50}, "InsightSummary": {"executed_lines": [], "summary": {"covered_lines": 0, "num_statements": 0, "percent_covered": 100.0, "percent_covered_display": "100", "missing_lines": 0, "excluded_lines": 0, "percent_statements_covered": 100.0, "percent_statements_covered_display": "100"}, "missing_lines": [], "excluded_lines": [], "start_line": 56}, "RequirementSummaryResponse": {"executed_lines": [], "summary": {"covered_lines": 0, "num_statements": 0, "percent_covered": 100.0, "percent_covered_display": "100", "missing_lines": 0, "excluded_lines": 0, "percent_statements_covered": 100.0, "percent_statements_covered_display": "100"}, "missing_lines": [], "excluded_lines": [], "start_line": 63}, "": {"executed_lines": [1, 3, 5, 6, 8, 9, 11, 14, 15, 22, 25, 26, 45, 50, 51, 52, 53, 54, 56, 57, 58, 59, 60, 61, 63, 64, 65, 68, 69, 103, 121, 201, 217, 222], "summary": {"covered_lines": 34, "num_statements": 152, "percent_covered": 22.36842105263158, "percent_covered_display": "22", "missing_lines": 118, "excluded_lines": 0, "percent_statements_covered": 22.36842105263158, "percent_statements_covered_display": "22"}, "missing_lines": [27, 28, 29, 31, 32, 71, 72, 74, 75, 76, 77, 78, 79, 80, 83, 85, 86, 87, 89, 97, 105, 106, 107, 108, 109, 110, 111, 112, 113, 114, 115, 116, 117, 118, 123, 124, 125, 126, 127, 129, 130, 133, 144, 146, 147, 150, 151, 153, 156, 157, 158, 159, 161, 163, 164, 165, 166, 167, 169, 171, 173, 174, 175, 176, 177, 178, 180, 183, 184, 185, 188, 190, 191, 192, 195, 196, 198, 203, 204, 205, 206, 207, 208, 209, 210, 211, 212, 213, 214, 218, 219, 224, 225, 226, 228, 229, 231, 232, 233, 234, 235, 236, 237, 239, 241, 242, 243, 244, 245, 247, 248, 249, 250, 252, 253, 255, 256, 258], "excluded_lines": [], "start_line": 1}}}, "src\\needradar\\api\\v1\\router.py": {"executed_lines": [1, 3, 4, 5, 6, 7, 8, 9, 10, 11, 12, 14, 17, 18, 19, 22, 23, 52, 53, 54, 55, 56, 57, 58, 59, 60, 61], "summary": {"covered_lines": 27, "num_statements": 47, "percent_covered": 57.4468085106383, "percent_covered_display": "57", "missing_lines": 20, "excluded_lines": 0, "percent_statements_covered": 57.4468085106383, "percent_statements_covered_display": "57"}, "missing_lines": [24, 26, 29, 30, 31, 32, 33, 34, 35, 36, 37, 40, 41, 42, 43, 44, 45, 46, 47, 49], "excluded_lines": [], "functions": {"health_check": {"executed_lines": [19], "summary": {"covered_lines": 1, "num_statements": 1, "percent_covered": 100.0, "percent_covered_display": "100", "missing_lines": 0, "excluded_lines": 0, "percent_statements_covered": 100.0, "percent_statements_covered_display": "100"}, "missing_lines": [], "excluded_lines": [], "start_line": 18}, "health_detail": {"executed_lines": [], "summary": {"covered_lines": 0, "num_statements": 20, "percent_covered": 0.0, "percent_covered_display": "0", "missing_lines": 20, "excluded_lines": 0, "percent_statements_covered": 0.0, "percent_statements_covered_display": "0"}, "missing_lines": [24, 26, 29, 30, 31, 32, 33, 34, 35, 36, 37, 40, 41, 42, 43, 44, 45, 46, 47, 49], "excluded_lines": [], "start_line": 23}, "": {"executed_lines": [1, 3, 4, 5, 6, 7, 8, 9, 10, 11, 12, 14, 17, 18, 22, 23, 52, 53, 54, 55, 56, 57, 58, 59, 60, 61], "summary": {"covered_lines": 26, "num_statements": 26, "percent_covered": 100.0, "percent_covered_display": "100", "missing_lines": 0, "excluded_lines": 0, "percent_statements_covered": 100.0, "percent_statements_covered_display": "100"}, "missing_lines": [], "excluded_lines": [], "start_line": 1}}, "classes": {"": {"executed_lines": [1, 3, 4, 5, 6, 7, 8, 9, 10, 11, 12, 14, 17, 18, 19, 22, 23, 52, 53, 54, 55, 56, 57, 58, 59, 60, 61], "summary": {"covered_lines": 27, "num_statements": 47, "percent_covered": 57.4468085106383, "percent_covered_display": "57", "missing_lines": 20, "excluded_lines": 0, "percent_statements_covered": 57.4468085106383, "percent_statements_covered_display": "57"}, "missing_lines": [24, 26, 29, 30, 31, 32, 33, 34, 35, 36, 37, 40, 41, 42, 43, 44, 45, 46, 47, 49], "excluded_lines": [], "start_line": 1}}}, "src\\needradar\\api\\v1\\scheduler.py": {"executed_lines": [1, 3, 5, 6, 7, 8, 10, 11, 12, 19, 26, 29, 30, 31, 32, 47, 48, 52, 53, 60, 61, 62, 63, 65, 66, 68, 71, 72, 77, 78, 80, 86, 87, 89, 95, 96, 97, 98, 99, 100, 103, 104, 109, 110, 113, 115, 116, 117, 119, 120, 121, 122, 124, 125, 128, 129, 131, 133, 134, 137, 138, 139, 140, 143, 144, 145, 146, 149, 150, 151, 152, 154, 155, 158, 159, 161, 162], "summary": {"covered_lines": 77, "num_statements": 82, "percent_covered": 93.90243902439025, "percent_covered_display": "94", "missing_lines": 5, "excluded_lines": 0, "percent_statements_covered": 93.90243902439025, "percent_statements_covered_display": "94"}, "missing_lines": [111, 114, 118, 141, 156], "excluded_lines": [], "functions": {"_parse_job": {"executed_lines": [30, 31, 32], "summary": {"covered_lines": 3, "num_statements": 3, "percent_covered": 100.0, "percent_covered_display": "100", "missing_lines": 0, "excluded_lines": 0, "percent_statements_covered": 100.0, "percent_statements_covered_display": "100"}, "missing_lines": [], "excluded_lines": [], "start_line": 29}, "create_job": {"executed_lines": [52, 53, 60, 61, 62, 63, 65, 66, 68], "summary": {"covered_lines": 9, "num_statements": 9, "percent_covered": 100.0, "percent_covered_display": "100", "missing_lines": 0, "excluded_lines": 0, "percent_statements_covered": 100.0, "percent_statements_covered_display": "100"}, "missing_lines": [], "excluded_lines": [], "start_line": 48}, "list_jobs": {"executed_lines": [77, 78, 80, 86, 87, 89], "summary": {"covered_lines": 6, "num_statements": 6, "percent_covered": 100.0, "percent_covered_display": "100", "missing_lines": 0, "excluded_lines": 0, "percent_statements_covered": 100.0, "percent_statements_covered_display": "100"}, "missing_lines": [], "excluded_lines": [], "start_line": 72}, "get_job": {"executed_lines": [97, 98, 99, 100], "summary": {"covered_lines": 4, "num_statements": 4, "percent_covered": 100.0, "percent_covered_display": "100", "missing_lines": 0, "excluded_lines": 0, "percent_statements_covered": 100.0, "percent_statements_covered_display": "100"}, "missing_lines": [], "excluded_lines": [], "start_line": 96}, "update_job": {"executed_lines": [109, 110, 113, 115, 116, 117, 119, 120, 121, 122, 124, 125, 128, 129, 131, 133, 134], "summary": {"covered_lines": 17, "num_statements": 20, "percent_covered": 85.0, "percent_covered_display": "85", "missing_lines": 3, "excluded_lines": 0, "percent_statements_covered": 85.0, "percent_statements_covered_display": "85"}, "missing_lines": [111, 114, 118], "excluded_lines": [], "start_line": 104}, "delete_job": {"executed_lines": [139, 140, 143, 144, 145, 146], "summary": {"covered_lines": 6, "num_statements": 7, "percent_covered": 85.71428571428571, "percent_covered_display": "86", "missing_lines": 1, "excluded_lines": 0, "percent_statements_covered": 85.71428571428571, "percent_statements_covered_display": "86"}, "missing_lines": [141], "excluded_lines": [], "start_line": 138}, "trigger_job": {"executed_lines": [151, 152, 154, 155, 158, 159, 161, 162], "summary": {"covered_lines": 8, "num_statements": 9, "percent_covered": 88.88888888888889, "percent_covered_display": "89", "missing_lines": 1, "excluded_lines": 0, "percent_statements_covered": 88.88888888888889, "percent_statements_covered_display": "89"}, "missing_lines": [156], "excluded_lines": [], "start_line": 150}, "": {"executed_lines": [1, 3, 5, 6, 7, 8, 10, 11, 12, 19, 26, 29, 47, 48, 71, 72, 95, 96, 103, 104, 137, 138, 149, 150], "summary": {"covered_lines": 24, "num_statements": 24, "percent_covered": 100.0, "percent_covered_display": "100", "missing_lines": 0, "excluded_lines": 0, "percent_statements_covered": 100.0, "percent_statements_covered_display": "100"}, "missing_lines": [], "excluded_lines": [], "start_line": 1}}, "classes": {"": {"executed_lines": [1, 3, 5, 6, 7, 8, 10, 11, 12, 19, 26, 29, 30, 31, 32, 47, 48, 52, 53, 60, 61, 62, 63, 65, 66, 68, 71, 72, 77, 78, 80, 86, 87, 89, 95, 96, 97, 98, 99, 100, 103, 104, 109, 110, 113, 115, 116, 117, 119, 120, 121, 122, 124, 125, 128, 129, 131, 133, 134, 137, 138, 139, 140, 143, 144, 145, 146, 149, 150, 151, 152, 154, 155, 158, 159, 161, 162], "summary": {"covered_lines": 77, "num_statements": 82, "percent_covered": 93.90243902439025, "percent_covered_display": "94", "missing_lines": 5, "excluded_lines": 0, "percent_statements_covered": 93.90243902439025, "percent_statements_covered_display": "94"}, "missing_lines": [111, 114, 118, 141, 156], "excluded_lines": [], "start_line": 1}}}, "src\\needradar\\api\\v1\\tasks.py": {"executed_lines": [1, 3, 4, 6, 7, 8, 9, 10, 12, 13, 14, 16, 19, 20, 25, 39, 117, 118, 157, 158, 165, 166, 168, 171, 175, 176, 177, 178, 180, 186, 187, 201, 202, 203, 204, 205], "summary": {"covered_lines": 36, "num_statements": 126, "percent_covered": 28.571428571428573, "percent_covered_display": "29", "missing_lines": 90, "excluded_lines": 0, "percent_statements_covered": 28.571428571428573, "percent_statements_covered_display": "29"}, "missing_lines": [21, 22, 26, 27, 28, 29, 30, 31, 32, 33, 34, 36, 40, 41, 43, 44, 45, 46, 47, 48, 49, 52, 53, 54, 55, 56, 57, 60, 63, 64, 65, 66, 67, 68, 71, 72, 73, 74, 75, 76, 77, 79, 80, 97, 98, 99, 100, 101, 102, 108, 109, 111, 112, 113, 114, 122, 123, 126, 127, 128, 134, 135, 136, 137, 138, 140, 141, 142, 143, 144, 145, 146, 147, 149, 151, 169, 170, 172, 173, 188, 189, 190, 191, 192, 193, 194, 195, 196, 198, 206], "excluded_lines": [], "functions": {"list_platforms": {"executed_lines": [], "summary": {"covered_lines": 0, "num_statements": 2, "percent_covered": 0.0, "percent_covered_display": "0", "missing_lines": 2, "excluded_lines": 0, "percent_statements_covered": 0.0, "percent_statements_covered_display": "0"}, "missing_lines": [21, 22], "excluded_lines": [], "start_line": 20}, "_retry_commit": {"executed_lines": [], "summary": {"covered_lines": 0, "num_statements": 10, "percent_covered": 0.0, "percent_covered_display": "0", "missing_lines": 10, "excluded_lines": 0, "percent_statements_covered": 0.0, "percent_statements_covered_display": "0"}, "missing_lines": [26, 27, 28, 29, 30, 31, 32, 33, 34, 36], "excluded_lines": [], "start_line": 25}, "_run_pipeline": {"executed_lines": [], "summary": {"covered_lines": 0, "num_statements": 43, "percent_covered": 0.0, "percent_covered_display": "0", "missing_lines": 43, "excluded_lines": 0, "percent_statements_covered": 0.0, "percent_statements_covered_display": "0"}, "missing_lines": [40, 41, 43, 44, 45, 46, 47, 48, 49, 52, 53, 54, 55, 56, 57, 60, 63, 64, 65, 66, 67, 68, 71, 72, 73, 74, 75, 76, 77, 79, 80, 97, 98, 99, 100, 101, 102, 108, 109, 111, 112, 113, 114], "excluded_lines": [], "start_line": 39}, "create_task": {"executed_lines": [], "summary": {"covered_lines": 0, "num_statements": 20, "percent_covered": 0.0, "percent_covered_display": "0", "missing_lines": 20, "excluded_lines": 0, "percent_statements_covered": 0.0, "percent_statements_covered_display": "0"}, "missing_lines": [122, 123, 126, 127, 128, 134, 135, 136, 137, 138, 140, 141, 142, 143, 144, 145, 146, 147, 149, 151], "excluded_lines": [], "start_line": 118}, "list_tasks": {"executed_lines": [165, 166, 168, 171, 175, 176, 177, 178, 180], "summary": {"covered_lines": 9, "num_statements": 13, "percent_covered": 69.23076923076923, "percent_covered_display": "69", "missing_lines": 4, "excluded_lines": 0, "percent_statements_covered": 69.23076923076923, "percent_statements_covered_display": "69"}, "missing_lines": [169, 170, 172, 173], "excluded_lines": [], "start_line": 158}, "task_sse_stream": {"executed_lines": [], "summary": {"covered_lines": 0, "num_statements": 2, "percent_covered": 0.0, "percent_covered_display": "0", "missing_lines": 2, "excluded_lines": 0, "percent_statements_covered": 0.0, "percent_statements_covered_display": "0"}, "missing_lines": [188, 198], "excluded_lines": [], "start_line": 187}, "task_sse_stream.event_generator": {"executed_lines": [], "summary": {"covered_lines": 0, "num_statements": 8, "percent_covered": 0.0, "percent_covered_display": "0", "missing_lines": 8, "excluded_lines": 0, "percent_statements_covered": 0.0, "percent_statements_covered_display": "0"}, "missing_lines": [189, 190, 191, 192, 193, 194, 195, 196], "excluded_lines": [], "start_line": 188}, "get_task": {"executed_lines": [203, 204, 205], "summary": {"covered_lines": 3, "num_statements": 4, "percent_covered": 75.0, "percent_covered_display": "75", "missing_lines": 1, "excluded_lines": 0, "percent_statements_covered": 75.0, "percent_statements_covered_display": "75"}, "missing_lines": [206], "excluded_lines": [], "start_line": 202}, "": {"executed_lines": [1, 3, 4, 6, 7, 8, 9, 10, 12, 13, 14, 16, 19, 20, 25, 39, 117, 118, 157, 158, 186, 187, 201, 202], "summary": {"covered_lines": 24, "num_statements": 24, "percent_covered": 100.0, "percent_covered_display": "100", "missing_lines": 0, "excluded_lines": 0, "percent_statements_covered": 100.0, "percent_statements_covered_display": "100"}, "missing_lines": [], "excluded_lines": [], "start_line": 1}}, "classes": {"": {"executed_lines": [1, 3, 4, 6, 7, 8, 9, 10, 12, 13, 14, 16, 19, 20, 25, 39, 117, 118, 157, 158, 165, 166, 168, 171, 175, 176, 177, 178, 180, 186, 187, 201, 202, 203, 204, 205], "summary": {"covered_lines": 36, "num_statements": 126, "percent_covered": 28.571428571428573, "percent_covered_display": "29", "missing_lines": 90, "excluded_lines": 0, "percent_statements_covered": 28.571428571428573, "percent_statements_covered_display": "29"}, "missing_lines": [21, 22, 26, 27, 28, 29, 30, 31, 32, 33, 34, 36, 40, 41, 43, 44, 45, 46, 47, 48, 49, 52, 53, 54, 55, 56, 57, 60, 63, 64, 65, 66, 67, 68, 71, 72, 73, 74, 75, 76, 77, 79, 80, 97, 98, 99, 100, 101, 102, 108, 109, 111, 112, 113, 114, 122, 123, 126, 127, 128, 134, 135, 136, 137, 138, 140, 141, 142, 143, 144, 145, 146, 147, 149, 151, 169, 170, 172, 173, 188, 189, 190, 191, 192, 193, 194, 195, 196, 198, 206], "excluded_lines": [], "start_line": 1}}}, "src\\needradar\\api\\v1\\trending.py": {"executed_lines": [1, 3, 5, 6, 7, 8, 10, 11, 12, 14, 19, 20, 21, 22, 23, 24, 25, 26, 27, 28, 29, 30, 31, 33, 34, 37, 38, 39, 42, 43, 44, 45, 48, 49, 50, 51, 56, 57, 87, 88, 100, 101, 132, 133, 181, 182, 191, 192, 265, 266, 317, 318], "summary": {"covered_lines": 52, "num_statements": 164, "percent_covered": 31.70731707317073, "percent_covered_display": "32", "missing_lines": 112, "excluded_lines": 0, "percent_statements_covered": 31.70731707317073, "percent_statements_covered_display": "32"}, "missing_lines": [64, 65, 67, 68, 69, 70, 71, 72, 74, 75, 77, 78, 79, 81, 90, 96, 97, 106, 112, 113, 116, 121, 125, 139, 141, 142, 143, 145, 147, 148, 149, 151, 152, 153, 155, 157, 165, 166, 168, 169, 170, 171, 172, 174, 175, 177, 178, 184, 185, 186, 187, 188, 197, 199, 202, 203, 205, 206, 208, 216, 230, 231, 232, 235, 247, 254, 256, 271, 273, 274, 275, 277, 278, 281, 282, 283, 284, 286, 288, 297, 298, 305, 306, 308, 314, 325, 327, 333, 334, 336, 337, 338, 339, 340, 342, 343, 345, 346, 348, 350, 351, 352, 353, 354, 357, 358, 360, 361, 362, 364, 373, 375], "excluded_lines": [], "functions": {"list_trending": {"executed_lines": [], "summary": {"covered_lines": 0, "num_statements": 14, "percent_covered": 0.0, "percent_covered_display": "0", "missing_lines": 14, "excluded_lines": 0, "percent_statements_covered": 0.0, "percent_statements_covered_display": "0"}, "missing_lines": [64, 65, 67, 68, 69, 70, 71, 72, 74, 75, 77, 78, 79, 81], "excluded_lines": [], "start_line": 57}, "get_languages": {"executed_lines": [], "summary": {"covered_lines": 0, "num_statements": 3, "percent_covered": 0.0, "percent_covered_display": "0", "missing_lines": 3, "excluded_lines": 0, "percent_statements_covered": 0.0, "percent_statements_covered_display": "0"}, "missing_lines": [90, 96, 97], "excluded_lines": [], "start_line": 88}, "trending_stats": {"executed_lines": [], "summary": {"covered_lines": 0, "num_statements": 6, "percent_covered": 0.0, "percent_covered_display": "0", "missing_lines": 6, "excluded_lines": 0, "percent_statements_covered": 0.0, "percent_statements_covered_display": "0"}, "missing_lines": [106, 112, 113, 116, 121, 125], "excluded_lines": [], "start_line": 101}, "fetch_trending": {"executed_lines": [], "summary": {"covered_lines": 0, "num_statements": 24, "percent_covered": 0.0, "percent_covered_display": "0", "missing_lines": 24, "excluded_lines": 0, "percent_statements_covered": 0.0, "percent_statements_covered_display": "0"}, "missing_lines": [139, 141, 142, 143, 145, 147, 148, 149, 151, 152, 153, 155, 157, 165, 166, 168, 169, 170, 171, 172, 174, 175, 177, 178], "excluded_lines": [], "start_line": 133}, "fetch_all_trending": {"executed_lines": [], "summary": {"covered_lines": 0, "num_statements": 5, "percent_covered": 0.0, "percent_covered_display": "0", "missing_lines": 5, "excluded_lines": 0, "percent_statements_covered": 0.0, "percent_statements_covered_display": "0"}, "missing_lines": [184, 185, 186, 187, 188], "excluded_lines": [], "start_line": 182}, "analyze_project": {"executed_lines": [], "summary": {"covered_lines": 0, "num_statements": 15, "percent_covered": 0.0, "percent_covered_display": "0", "missing_lines": 15, "excluded_lines": 0, "percent_statements_covered": 0.0, "percent_statements_covered_display": "0"}, "missing_lines": [197, 199, 202, 203, 205, 206, 208, 216, 230, 231, 232, 235, 247, 254, 256], "excluded_lines": [], "start_line": 192}, "recommend_topics": {"executed_lines": [], "summary": {"covered_lines": 0, "num_statements": 18, "percent_covered": 0.0, "percent_covered_display": "0", "missing_lines": 18, "excluded_lines": 0, "percent_statements_covered": 0.0, "percent_statements_covered_display": "0"}, "missing_lines": [271, 273, 274, 275, 277, 278, 281, 282, 283, 284, 286, 288, 297, 298, 305, 306, 308, 314], "excluded_lines": [], "start_line": 266}, "suggest_keywords": {"executed_lines": [], "summary": {"covered_lines": 0, "num_statements": 27, "percent_covered": 0.0, "percent_covered_display": "0", "missing_lines": 27, "excluded_lines": 0, "percent_statements_covered": 0.0, "percent_statements_covered_display": "0"}, "missing_lines": [325, 327, 333, 334, 336, 337, 338, 339, 340, 342, 343, 345, 346, 348, 350, 351, 352, 353, 354, 357, 358, 360, 361, 362, 364, 373, 375], "excluded_lines": [], "start_line": 318}, "": {"executed_lines": [1, 3, 5, 6, 7, 8, 10, 11, 12, 14, 19, 20, 21, 22, 23, 24, 25, 26, 27, 28, 29, 30, 31, 33, 34, 37, 38, 39, 42, 43, 44, 45, 48, 49, 50, 51, 56, 57, 87, 88, 100, 101, 132, 133, 181, 182, 191, 192, 265, 266, 317, 318], "summary": {"covered_lines": 52, "num_statements": 52, "percent_covered": 100.0, "percent_covered_display": "100", "missing_lines": 0, "excluded_lines": 0, "percent_statements_covered": 100.0, "percent_statements_covered_display": "100"}, "missing_lines": [], "excluded_lines": [], "start_line": 1}}, "classes": {"TrendingProjectOut": {"executed_lines": [], "summary": {"covered_lines": 0, "num_statements": 0, "percent_covered": 100.0, "percent_covered_display": "100", "missing_lines": 0, "excluded_lines": 0, "percent_statements_covered": 100.0, "percent_statements_covered_display": "100"}, "missing_lines": [], "excluded_lines": [], "start_line": 19}, "TrendingProjectOut.Config": {"executed_lines": [], "summary": {"covered_lines": 0, "num_statements": 0, "percent_covered": 100.0, "percent_covered_display": "100", "missing_lines": 0, "excluded_lines": 0, "percent_statements_covered": 100.0, "percent_statements_covered_display": "100"}, "missing_lines": [], "excluded_lines": [], "start_line": 33}, "TrendingListResponse": {"executed_lines": [], "summary": {"covered_lines": 0, "num_statements": 0, "percent_covered": 100.0, "percent_covered_display": "100", "missing_lines": 0, "excluded_lines": 0, "percent_statements_covered": 100.0, "percent_statements_covered_display": "100"}, "missing_lines": [], "excluded_lines": [], "start_line": 37}, "TrendingStatsResponse": {"executed_lines": [], "summary": {"covered_lines": 0, "num_statements": 0, "percent_covered": 100.0, "percent_covered_display": "100", "missing_lines": 0, "excluded_lines": 0, "percent_statements_covered": 100.0, "percent_statements_covered_display": "100"}, "missing_lines": [], "excluded_lines": [], "start_line": 42}, "TriggerResponse": {"executed_lines": [], "summary": {"covered_lines": 0, "num_statements": 0, "percent_covered": 100.0, "percent_covered_display": "100", "missing_lines": 0, "excluded_lines": 0, "percent_statements_covered": 100.0, "percent_statements_covered_display": "100"}, "missing_lines": [], "excluded_lines": [], "start_line": 48}, "recommend_topics.RecItem": {"executed_lines": [], "summary": {"covered_lines": 0, "num_statements": 0, "percent_covered": 100.0, "percent_covered_display": "100", "missing_lines": 0, "excluded_lines": 0, "percent_statements_covered": 100.0, "percent_statements_covered_display": "100"}, "missing_lines": [], "excluded_lines": [], "start_line": 297}, "recommend_topics.RecResult": {"executed_lines": [], "summary": {"covered_lines": 0, "num_statements": 0, "percent_covered": 100.0, "percent_covered_display": "100", "missing_lines": 0, "excluded_lines": 0, "percent_statements_covered": 100.0, "percent_statements_covered_display": "100"}, "missing_lines": [], "excluded_lines": [], "start_line": 305}, "": {"executed_lines": [1, 3, 5, 6, 7, 8, 10, 11, 12, 14, 19, 20, 21, 22, 23, 24, 25, 26, 27, 28, 29, 30, 31, 33, 34, 37, 38, 39, 42, 43, 44, 45, 48, 49, 50, 51, 56, 57, 87, 88, 100, 101, 132, 133, 181, 182, 191, 192, 265, 266, 317, 318], "summary": {"covered_lines": 52, "num_statements": 164, "percent_covered": 31.70731707317073, "percent_covered_display": "32", "missing_lines": 112, "excluded_lines": 0, "percent_statements_covered": 31.70731707317073, "percent_statements_covered_display": "32"}, "missing_lines": [64, 65, 67, 68, 69, 70, 71, 72, 74, 75, 77, 78, 79, 81, 90, 96, 97, 106, 112, 113, 116, 121, 125, 139, 141, 142, 143, 145, 147, 148, 149, 151, 152, 153, 155, 157, 165, 166, 168, 169, 170, 171, 172, 174, 175, 177, 178, 184, 185, 186, 187, 188, 197, 199, 202, 203, 205, 206, 208, 216, 230, 231, 232, 235, 247, 254, 256, 271, 273, 274, 275, 277, 278, 281, 282, 283, 284, 286, 288, 297, 298, 305, 306, 308, 314, 325, 327, 333, 334, 336, 337, 338, 339, 340, 342, 343, 345, 346, 348, 350, 351, 352, 353, 354, 357, 358, 360, 361, 362, 364, 373, 375], "excluded_lines": [], "start_line": 1}}}, "src\\needradar\\api\\v1\\usage.py": {"executed_lines": [1, 3, 5, 6, 7, 9, 10, 12, 15, 16, 17, 18, 19, 20, 21, 22, 23, 24, 25, 27, 30, 31, 32, 35, 36, 44, 45, 53, 54, 62, 63, 74, 75], "summary": {"covered_lines": 33, "num_statements": 43, "percent_covered": 76.74418604651163, "percent_covered_display": "77", "missing_lines": 10, "excluded_lines": 0, "percent_statements_covered": 76.74418604651163, "percent_statements_covered_display": "77"}, "missing_lines": [40, 41, 49, 50, 58, 59, 70, 71, 76, 77], "excluded_lines": [], "functions": {"usage_summary": {"executed_lines": [], "summary": {"covered_lines": 0, "num_statements": 2, "percent_covered": 0.0, "percent_covered_display": "0", "missing_lines": 2, "excluded_lines": 0, "percent_statements_covered": 0.0, "percent_statements_covered_display": "0"}, "missing_lines": [40, 41], "excluded_lines": [], "start_line": 36}, "usage_trend": {"executed_lines": [], "summary": {"covered_lines": 0, "num_statements": 2, "percent_covered": 0.0, "percent_covered_display": "0", "missing_lines": 2, "excluded_lines": 0, "percent_statements_covered": 0.0, "percent_statements_covered_display": "0"}, "missing_lines": [49, 50], "excluded_lines": [], "start_line": 45}, "usage_model_stats": {"executed_lines": [], "summary": {"covered_lines": 0, "num_statements": 2, "percent_covered": 0.0, "percent_covered_display": "0", "missing_lines": 2, "excluded_lines": 0, "percent_statements_covered": 0.0, "percent_statements_covered_display": "0"}, "missing_lines": [58, 59], "excluded_lines": [], "start_line": 54}, "usage_records": {"executed_lines": [], "summary": {"covered_lines": 0, "num_statements": 2, "percent_covered": 0.0, "percent_covered_display": "0", "missing_lines": 2, "excluded_lines": 0, "percent_statements_covered": 0.0, "percent_statements_covered_display": "0"}, "missing_lines": [70, 71], "excluded_lines": [], "start_line": 63}, "usage_budget": {"executed_lines": [], "summary": {"covered_lines": 0, "num_statements": 2, "percent_covered": 0.0, "percent_covered_display": "0", "missing_lines": 2, "excluded_lines": 0, "percent_statements_covered": 0.0, "percent_statements_covered_display": "0"}, "missing_lines": [76, 77], "excluded_lines": [], "start_line": 75}, "": {"executed_lines": [1, 3, 5, 6, 7, 9, 10, 12, 15, 16, 17, 18, 19, 20, 21, 22, 23, 24, 25, 27, 30, 31, 32, 35, 36, 44, 45, 53, 54, 62, 63, 74, 75], "summary": {"covered_lines": 33, "num_statements": 33, "percent_covered": 100.0, "percent_covered_display": "100", "missing_lines": 0, "excluded_lines": 0, "percent_statements_covered": 100.0, "percent_statements_covered_display": "100"}, "missing_lines": [], "excluded_lines": [], "start_line": 1}}, "classes": {"UsageRecordResponse": {"executed_lines": [], "summary": {"covered_lines": 0, "num_statements": 0, "percent_covered": 100.0, "percent_covered_display": "100", "missing_lines": 0, "excluded_lines": 0, "percent_statements_covered": 100.0, "percent_statements_covered_display": "100"}, "missing_lines": [], "excluded_lines": [], "start_line": 15}, "UsageRecordsResponse": {"executed_lines": [], "summary": {"covered_lines": 0, "num_statements": 0, "percent_covered": 100.0, "percent_covered_display": "100", "missing_lines": 0, "excluded_lines": 0, "percent_statements_covered": 100.0, "percent_statements_covered_display": "100"}, "missing_lines": [], "excluded_lines": [], "start_line": 30}, "": {"executed_lines": [1, 3, 5, 6, 7, 9, 10, 12, 15, 16, 17, 18, 19, 20, 21, 22, 23, 24, 25, 27, 30, 31, 32, 35, 36, 44, 45, 53, 54, 62, 63, 74, 75], "summary": {"covered_lines": 33, "num_statements": 43, "percent_covered": 76.74418604651163, "percent_covered_display": "77", "missing_lines": 10, "excluded_lines": 0, "percent_statements_covered": 76.74418604651163, "percent_statements_covered_display": "77"}, "missing_lines": [40, 41, 49, 50, 58, 59, 70, 71, 76, 77], "excluded_lines": [], "start_line": 1}}}, "src\\needradar\\api\\v1\\verification.py": {"executed_lines": [1, 3, 4, 6, 7, 8, 10, 11, 15, 16, 18, 23, 24, 25, 26, 27, 28, 29, 32, 33, 34, 35, 36, 37, 40, 41, 42, 43, 44, 45, 46, 47, 48, 49, 50, 51, 52, 53, 54, 55, 56, 59, 60, 61, 64, 65, 68, 69, 70, 75, 76, 78, 79, 92, 93, 109, 110, 115, 116, 117, 118, 119, 125, 126, 132, 133, 143, 144, 159, 160, 162, 163, 164, 168, 172, 176, 180, 188, 189, 207, 250, 251, 252, 253, 254, 255, 259, 260, 261, 262, 263, 267], "summary": {"covered_lines": 92, "num_statements": 157, "percent_covered": 58.59872611464968, "percent_covered_display": "59", "missing_lines": 65, "excluded_lines": 0, "percent_statements_covered": 58.59872611464968, "percent_statements_covered_display": "59"}, "missing_lines": [95, 96, 100, 101, 102, 103, 105, 106, 135, 136, 137, 138, 139, 140, 146, 147, 148, 149, 150, 151, 152, 153, 154, 155, 156, 191, 192, 193, 198, 199, 208, 209, 210, 211, 212, 213, 214, 215, 217, 219, 220, 221, 222, 223, 224, 225, 226, 227, 228, 229, 230, 231, 234, 237, 239, 240, 241, 242, 243, 244, 245, 256, 257, 264, 265], "excluded_lines": [], "functions": {"list_verifiable_reports": {"executed_lines": [78, 79], "summary": {"covered_lines": 2, "num_statements": 2, "percent_covered": 100.0, "percent_covered_display": "100", "missing_lines": 0, "excluded_lines": 0, "percent_statements_covered": 100.0, "percent_statements_covered_display": "100"}, "missing_lines": [], "excluded_lines": [], "start_line": 76}, "trigger_verification": {"executed_lines": [], "summary": {"covered_lines": 0, "num_statements": 8, "percent_covered": 0.0, "percent_covered_display": "0", "missing_lines": 8, "excluded_lines": 0, "percent_statements_covered": 0.0, "percent_statements_covered_display": "0"}, "missing_lines": [95, 96, 100, 101, 102, 103, 105, 106], "excluded_lines": [], "start_line": 93}, "list_results": {"executed_lines": [115, 116, 117, 118, 119, 125, 126], "summary": {"covered_lines": 7, "num_statements": 7, "percent_covered": 100.0, "percent_covered_display": "100", "missing_lines": 0, "excluded_lines": 0, "percent_statements_covered": 100.0, "percent_statements_covered_display": "100"}, "missing_lines": [], "excluded_lines": [], "start_line": 110}, "get_result": {"executed_lines": [], "summary": {"covered_lines": 0, "num_statements": 6, "percent_covered": 0.0, "percent_covered_display": "0", "missing_lines": 6, "excluded_lines": 0, "percent_statements_covered": 0.0, "percent_statements_covered_display": "0"}, "missing_lines": [135, 136, 137, 138, 139, 140], "excluded_lines": [], "start_line": 133}, "submit_feedback": {"executed_lines": [], "summary": {"covered_lines": 0, "num_statements": 11, "percent_covered": 0.0, "percent_covered_display": "0", "missing_lines": 11, "excluded_lines": 0, "percent_statements_covered": 0.0, "percent_statements_covered_display": "0"}, "missing_lines": [146, 147, 148, 149, 150, 151, 152, 153, 154, 155, 156], "excluded_lines": [], "start_line": 144}, "verification_stats": {"executed_lines": [162, 163, 164, 168, 172, 176, 180], "summary": {"covered_lines": 7, "num_statements": 7, "percent_covered": 100.0, "percent_covered_display": "100", "missing_lines": 0, "excluded_lines": 0, "percent_statements_covered": 100.0, "percent_statements_covered_display": "100"}, "missing_lines": [], "excluded_lines": [], "start_line": 160}, "get_report_verifications": {"executed_lines": [], "summary": {"covered_lines": 0, "num_statements": 5, "percent_covered": 0.0, "percent_covered_display": "0", "missing_lines": 5, "excluded_lines": 0, "percent_statements_covered": 0.0, "percent_statements_covered_display": "0"}, "missing_lines": [191, 192, 193, 198, 199], "excluded_lines": [], "start_line": 189}, "_run_verification": {"executed_lines": [], "summary": {"covered_lines": 0, "num_statements": 31, "percent_covered": 0.0, "percent_covered_display": "0", "missing_lines": 31, "excluded_lines": 0, "percent_statements_covered": 0.0, "percent_statements_covered_display": "0"}, "missing_lines": [208, 209, 210, 211, 212, 213, 214, 215, 217, 219, 220, 221, 222, 223, 224, 225, 226, 227, 228, 229, 230, 231, 234, 237, 239, 240, 241, 242, 243, 244, 245], "excluded_lines": [], "start_line": 207}, "_to_response": {"executed_lines": [251, 252, 253, 254, 255, 259, 260, 261, 262, 263, 267], "summary": {"covered_lines": 11, "num_statements": 15, "percent_covered": 73.33333333333333, "percent_covered_display": "73", "missing_lines": 4, "excluded_lines": 0, "percent_statements_covered": 73.33333333333333, "percent_statements_covered_display": "73"}, "missing_lines": [256, 257, 264, 265], "excluded_lines": [], "start_line": 250}, "": {"executed_lines": [1, 3, 4, 6, 7, 8, 10, 11, 15, 16, 18, 23, 24, 25, 26, 27, 28, 29, 32, 33, 34, 35, 36, 37, 40, 41, 42, 43, 44, 45, 46, 47, 48, 49, 50, 51, 52, 53, 54, 55, 56, 59, 60, 61, 64, 65, 68, 69, 70, 75, 76, 92, 93, 109, 110, 132, 133, 143, 144, 159, 160, 188, 189, 207, 250], "summary": {"covered_lines": 65, "num_statements": 65, "percent_covered": 100.0, "percent_covered_display": "100", "missing_lines": 0, "excluded_lines": 0, "percent_statements_covered": 100.0, "percent_statements_covered_display": "100"}, "missing_lines": [], "excluded_lines": [], "start_line": 1}}, "classes": {"ClaimDetail": {"executed_lines": [], "summary": {"covered_lines": 0, "num_statements": 0, "percent_covered": 100.0, "percent_covered_display": "100", "missing_lines": 0, "excluded_lines": 0, "percent_statements_covered": 100.0, "percent_statements_covered_display": "100"}, "missing_lines": [], "excluded_lines": [], "start_line": 23}, "SuggestionDetail": {"executed_lines": [], "summary": {"covered_lines": 0, "num_statements": 0, "percent_covered": 100.0, "percent_covered_display": "100", "missing_lines": 0, "excluded_lines": 0, "percent_statements_covered": 100.0, "percent_statements_covered_display": "100"}, "missing_lines": [], "excluded_lines": [], "start_line": 32}, "VerificationResponse": {"executed_lines": [], "summary": {"covered_lines": 0, "num_statements": 0, "percent_covered": 100.0, "percent_covered_display": "100", "missing_lines": 0, "excluded_lines": 0, "percent_statements_covered": 100.0, "percent_statements_covered_display": "100"}, "missing_lines": [], "excluded_lines": [], "start_line": 40}, "VerificationListResponse": {"executed_lines": [], "summary": {"covered_lines": 0, "num_statements": 0, "percent_covered": 100.0, "percent_covered_display": "100", "missing_lines": 0, "excluded_lines": 0, "percent_statements_covered": 100.0, "percent_statements_covered_display": "100"}, "missing_lines": [], "excluded_lines": [], "start_line": 59}, "VerifyRequest": {"executed_lines": [], "summary": {"covered_lines": 0, "num_statements": 0, "percent_covered": 100.0, "percent_covered_display": "100", "missing_lines": 0, "excluded_lines": 0, "percent_statements_covered": 100.0, "percent_statements_covered_display": "100"}, "missing_lines": [], "excluded_lines": [], "start_line": 64}, "FeedbackRequest": {"executed_lines": [], "summary": {"covered_lines": 0, "num_statements": 0, "percent_covered": 100.0, "percent_covered_display": "100", "missing_lines": 0, "excluded_lines": 0, "percent_statements_covered": 100.0, "percent_statements_covered_display": "100"}, "missing_lines": [], "excluded_lines": [], "start_line": 68}, "": {"executed_lines": [1, 3, 4, 6, 7, 8, 10, 11, 15, 16, 18, 23, 24, 25, 26, 27, 28, 29, 32, 33, 34, 35, 36, 37, 40, 41, 42, 43, 44, 45, 46, 47, 48, 49, 50, 51, 52, 53, 54, 55, 56, 59, 60, 61, 64, 65, 68, 69, 70, 75, 76, 78, 79, 92, 93, 109, 110, 115, 116, 117, 118, 119, 125, 126, 132, 133, 143, 144, 159, 160, 162, 163, 164, 168, 172, 176, 180, 188, 189, 207, 250, 251, 252, 253, 254, 255, 259, 260, 261, 262, 263, 267], "summary": {"covered_lines": 92, "num_statements": 157, "percent_covered": 58.59872611464968, "percent_covered_display": "59", "missing_lines": 65, "excluded_lines": 0, "percent_statements_covered": 58.59872611464968, "percent_statements_covered_display": "59"}, "missing_lines": [95, 96, 100, 101, 102, 103, 105, 106, 135, 136, 137, 138, 139, 140, 146, 147, 148, 149, 150, 151, 152, 153, 154, 155, 156, 191, 192, 193, 198, 199, 208, 209, 210, 211, 212, 213, 214, 215, 217, 219, 220, 221, 222, 223, 224, 225, 226, 227, 228, 229, 230, 231, 234, 237, 239, 240, 241, 242, 243, 244, 245, 256, 257, 264, 265], "excluded_lines": [], "start_line": 1}}}, "src\\needradar\\cli.py": {"executed_lines": [], "summary": {"covered_lines": 0, "num_statements": 96, "percent_covered": 0.0, "percent_covered_display": "0", "missing_lines": 96, "excluded_lines": 0, "percent_statements_covered": 0.0, "percent_statements_covered_display": "0"}, "missing_lines": [8, 10, 11, 12, 13, 14, 16, 19, 20, 21, 22, 25, 26, 27, 30, 31, 32, 34, 35, 37, 39, 40, 41, 42, 43, 44, 45, 47, 48, 51, 52, 53, 54, 57, 58, 59, 60, 61, 67, 69, 72, 73, 74, 75, 76, 78, 79, 80, 81, 87, 88, 90, 91, 92, 93, 94, 95, 96, 97, 98, 99, 100, 101, 104, 105, 106, 108, 109, 110, 111, 112, 113, 114, 115, 118, 119, 123, 124, 127, 128, 129, 135, 136, 139, 141, 142, 144, 145, 146, 147, 148, 149, 150, 152, 155, 156], "excluded_lines": [], "functions": {"_setup_logging": {"executed_lines": [], "summary": {"covered_lines": 0, "num_statements": 3, "percent_covered": 0.0, "percent_covered_display": "0", "missing_lines": 3, "excluded_lines": 0, "percent_statements_covered": 0.0, "percent_statements_covered_display": "0"}, "missing_lines": [20, 21, 22], "excluded_lines": [], "start_line": 19}, "_run_pipeline": {"executed_lines": [], "summary": {"covered_lines": 0, "num_statements": 28, "percent_covered": 0.0, "percent_covered_display": "0", "missing_lines": 28, "excluded_lines": 0, "percent_statements_covered": 0.0, "percent_statements_covered_display": "0"}, "missing_lines": [26, 27, 30, 31, 32, 34, 35, 37, 39, 40, 41, 42, 43, 44, 45, 47, 48, 51, 52, 53, 54, 57, 58, 59, 60, 61, 67, 69], "excluded_lines": [], "start_line": 25}, "_generate_report": {"executed_lines": [], "summary": {"covered_lines": 0, "num_statements": 8, "percent_covered": 0.0, "percent_covered_display": "0", "missing_lines": 8, "excluded_lines": 0, "percent_statements_covered": 0.0, "percent_statements_covered_display": "0"}, "missing_lines": [73, 74, 75, 76, 78, 79, 80, 81], "excluded_lines": [], "start_line": 72}, "_show_status": {"executed_lines": [], "summary": {"covered_lines": 0, "num_statements": 24, "percent_covered": 0.0, "percent_covered_display": "0", "missing_lines": 24, "excluded_lines": 0, "percent_statements_covered": 0.0, "percent_statements_covered_display": "0"}, "missing_lines": [88, 90, 91, 92, 93, 94, 95, 96, 97, 98, 99, 100, 101, 104, 105, 106, 108, 109, 110, 111, 112, 113, 114, 115], "excluded_lines": [], "start_line": 87}, "main": {"executed_lines": [], "summary": {"covered_lines": 0, "num_statements": 19, "percent_covered": 0.0, "percent_covered_display": "0", "missing_lines": 19, "excluded_lines": 0, "percent_statements_covered": 0.0, "percent_statements_covered_display": "0"}, "missing_lines": [119, 123, 124, 127, 128, 129, 135, 136, 139, 141, 142, 144, 145, 146, 147, 148, 149, 150, 152], "excluded_lines": [], "start_line": 118}, "": {"executed_lines": [], "summary": {"covered_lines": 0, "num_statements": 14, "percent_covered": 0.0, "percent_covered_display": "0", "missing_lines": 14, "excluded_lines": 0, "percent_statements_covered": 0.0, "percent_statements_covered_display": "0"}, "missing_lines": [8, 10, 11, 12, 13, 14, 16, 19, 25, 72, 87, 118, 155, 156], "excluded_lines": [], "start_line": 1}}, "classes": {"": {"executed_lines": [], "summary": {"covered_lines": 0, "num_statements": 96, "percent_covered": 0.0, "percent_covered_display": "0", "missing_lines": 96, "excluded_lines": 0, "percent_statements_covered": 0.0, "percent_statements_covered_display": "0"}, "missing_lines": [8, 10, 11, 12, 13, 14, 16, 19, 20, 21, 22, 25, 26, 27, 30, 31, 32, 34, 35, 37, 39, 40, 41, 42, 43, 44, 45, 47, 48, 51, 52, 53, 54, 57, 58, 59, 60, 61, 67, 69, 72, 73, 74, 75, 76, 78, 79, 80, 81, 87, 88, 90, 91, 92, 93, 94, 95, 96, 97, 98, 99, 100, 101, 104, 105, 106, 108, 109, 110, 111, 112, 113, 114, 115, 118, 119, 123, 124, 127, 128, 129, 135, 136, 139, 141, 142, 144, 145, 146, 147, 148, 149, 150, 152, 155, 156], "excluded_lines": [], "start_line": 1}}}, "src\\needradar\\core\\__init__.py": {"executed_lines": [], "summary": {"covered_lines": 0, "num_statements": 0, "percent_covered": 100.0, "percent_covered_display": "100", "missing_lines": 0, "excluded_lines": 0, "percent_statements_covered": 100.0, "percent_statements_covered_display": "100"}, "missing_lines": [], "excluded_lines": [], "functions": {"": {"executed_lines": [], "summary": {"covered_lines": 0, "num_statements": 0, "percent_covered": 100.0, "percent_covered_display": "100", "missing_lines": 0, "excluded_lines": 0, "percent_statements_covered": 100.0, "percent_statements_covered_display": "100"}, "missing_lines": [], "excluded_lines": [], "start_line": 1}}, "classes": {"": {"executed_lines": [], "summary": {"covered_lines": 0, "num_statements": 0, "percent_covered": 100.0, "percent_covered_display": "100", "missing_lines": 0, "excluded_lines": 0, "percent_statements_covered": 100.0, "percent_statements_covered_display": "100"}, "missing_lines": [], "excluded_lines": [], "start_line": 1}}}, "src\\needradar\\core\\config.py": {"executed_lines": [1, 2, 5, 6, 14, 17, 20, 21, 22, 23, 24, 25, 26, 29, 32, 35, 38, 41, 42, 45, 48, 49, 52, 53, 54, 57], "summary": {"covered_lines": 26, "num_statements": 26, "percent_covered": 100.0, "percent_covered_display": "100", "missing_lines": 0, "excluded_lines": 0, "percent_statements_covered": 100.0, "percent_statements_covered_display": "100"}, "missing_lines": [], "excluded_lines": [], "functions": {"": {"executed_lines": [1, 2, 5, 6, 14, 17, 20, 21, 22, 23, 24, 25, 26, 29, 32, 35, 38, 41, 42, 45, 48, 49, 52, 53, 54, 57], "summary": {"covered_lines": 26, "num_statements": 26, "percent_covered": 100.0, "percent_covered_display": "100", "missing_lines": 0, "excluded_lines": 0, "percent_statements_covered": 100.0, "percent_statements_covered_display": "100"}, "missing_lines": [], "excluded_lines": [], "start_line": 1}}, "classes": {"Settings": {"executed_lines": [], "summary": {"covered_lines": 0, "num_statements": 0, "percent_covered": 100.0, "percent_covered_display": "100", "missing_lines": 0, "excluded_lines": 0, "percent_statements_covered": 100.0, "percent_statements_covered_display": "100"}, "missing_lines": [], "excluded_lines": [], "start_line": 5}, "": {"executed_lines": [1, 2, 5, 6, 14, 17, 20, 21, 22, 23, 24, 25, 26, 29, 32, 35, 38, 41, 42, 45, 48, 49, 52, 53, 54, 57], "summary": {"covered_lines": 26, "num_statements": 26, "percent_covered": 100.0, "percent_covered_display": "100", "missing_lines": 0, "excluded_lines": 0, "percent_statements_covered": 100.0, "percent_statements_covered_display": "100"}, "missing_lines": [], "excluded_lines": [], "start_line": 1}}}, "src\\needradar\\core\\database.py": {"executed_lines": [1, 3, 4, 9, 11, 13, 20, 21, 22, 23, 24, 25, 26, 28, 35], "summary": {"covered_lines": 15, "num_statements": 22, "percent_covered": 68.18181818181819, "percent_covered_display": "68", "missing_lines": 7, "excluded_lines": 0, "percent_statements_covered": 68.18181818181819, "percent_statements_covered_display": "68"}, "missing_lines": [36, 37, 38, 39, 40, 41, 42], "excluded_lines": [], "functions": {"_set_sqlite_pragma": {"executed_lines": [22, 23, 24, 25, 26], "summary": {"covered_lines": 5, "num_statements": 5, "percent_covered": 100.0, "percent_covered_display": "100", "missing_lines": 0, "excluded_lines": 0, "percent_statements_covered": 100.0, "percent_statements_covered_display": "100"}, "missing_lines": [], "excluded_lines": [], "start_line": 21}, "get_db": {"executed_lines": [], "summary": {"covered_lines": 0, "num_statements": 7, "percent_covered": 0.0, "percent_covered_display": "0", "missing_lines": 7, "excluded_lines": 0, "percent_statements_covered": 0.0, "percent_statements_covered_display": "0"}, "missing_lines": [36, 37, 38, 39, 40, 41, 42], "excluded_lines": [], "start_line": 35}, "": {"executed_lines": [1, 3, 4, 9, 11, 13, 20, 21, 28, 35], "summary": {"covered_lines": 10, "num_statements": 10, "percent_covered": 100.0, "percent_covered_display": "100", "missing_lines": 0, "excluded_lines": 0, "percent_statements_covered": 100.0, "percent_statements_covered_display": "100"}, "missing_lines": [], "excluded_lines": [], "start_line": 1}}, "classes": {"": {"executed_lines": [1, 3, 4, 9, 11, 13, 20, 21, 22, 23, 24, 25, 26, 28, 35], "summary": {"covered_lines": 15, "num_statements": 22, "percent_covered": 68.18181818181819, "percent_covered_display": "68", "missing_lines": 7, "excluded_lines": 0, "percent_statements_covered": 68.18181818181819, "percent_statements_covered_display": "68"}, "missing_lines": [36, 37, 38, 39, 40, 41, 42], "excluded_lines": [], "start_line": 1}}}, "src\\needradar\\core\\logger.py": {"executed_lines": [1, 3, 5, 8, 9, 10, 15, 24], "summary": {"covered_lines": 8, "num_statements": 8, "percent_covered": 100.0, "percent_covered_display": "100", "missing_lines": 0, "excluded_lines": 0, "percent_statements_covered": 100.0, "percent_statements_covered_display": "100"}, "missing_lines": [], "excluded_lines": [], "functions": {"setup_logging": {"executed_lines": [9, 10, 15], "summary": {"covered_lines": 3, "num_statements": 3, "percent_covered": 100.0, "percent_covered_display": "100", "missing_lines": 0, "excluded_lines": 0, "percent_statements_covered": 100.0, "percent_statements_covered_display": "100"}, "missing_lines": [], "excluded_lines": [], "start_line": 8}, "": {"executed_lines": [1, 3, 5, 8, 24], "summary": {"covered_lines": 5, "num_statements": 5, "percent_covered": 100.0, "percent_covered_display": "100", "missing_lines": 0, "excluded_lines": 0, "percent_statements_covered": 100.0, "percent_statements_covered_display": "100"}, "missing_lines": [], "excluded_lines": [], "start_line": 1}}, "classes": {"": {"executed_lines": [1, 3, 5, 8, 9, 10, 15, 24], "summary": {"covered_lines": 8, "num_statements": 8, "percent_covered": 100.0, "percent_covered_display": "100", "missing_lines": 0, "excluded_lines": 0, "percent_statements_covered": 100.0, "percent_statements_covered_display": "100"}, "missing_lines": [], "excluded_lines": [], "start_line": 1}}}, "src\\needradar\\core\\security.py": {"executed_lines": [1, 2, 4, 7, 8, 15], "summary": {"covered_lines": 6, "num_statements": 6, "percent_covered": 100.0, "percent_covered_display": "100", "missing_lines": 0, "excluded_lines": 0, "percent_statements_covered": 100.0, "percent_statements_covered_display": "100"}, "missing_lines": [], "excluded_lines": [], "functions": {"setup_middlewares": {"executed_lines": [8, 15], "summary": {"covered_lines": 2, "num_statements": 2, "percent_covered": 100.0, "percent_covered_display": "100", "missing_lines": 0, "excluded_lines": 0, "percent_statements_covered": 100.0, "percent_statements_covered_display": "100"}, "missing_lines": [], "excluded_lines": [], "start_line": 7}, "": {"executed_lines": [1, 2, 4, 7], "summary": {"covered_lines": 4, "num_statements": 4, "percent_covered": 100.0, "percent_covered_display": "100", "missing_lines": 0, "excluded_lines": 0, "percent_statements_covered": 100.0, "percent_statements_covered_display": "100"}, "missing_lines": [], "excluded_lines": [], "start_line": 1}}, "classes": {"": {"executed_lines": [1, 2, 4, 7, 8, 15], "summary": {"covered_lines": 6, "num_statements": 6, "percent_covered": 100.0, "percent_covered_display": "100", "missing_lines": 0, "excluded_lines": 0, "percent_statements_covered": 100.0, "percent_statements_covered_display": "100"}, "missing_lines": [], "excluded_lines": [], "start_line": 1}}}, "src\\needradar\\crawlers\\__init__.py": {"executed_lines": [], "summary": {"covered_lines": 0, "num_statements": 0, "percent_covered": 100.0, "percent_covered_display": "100", "missing_lines": 0, "excluded_lines": 0, "percent_statements_covered": 100.0, "percent_statements_covered_display": "100"}, "missing_lines": [], "excluded_lines": [], "functions": {"": {"executed_lines": [], "summary": {"covered_lines": 0, "num_statements": 0, "percent_covered": 100.0, "percent_covered_display": "100", "missing_lines": 0, "excluded_lines": 0, "percent_statements_covered": 100.0, "percent_statements_covered_display": "100"}, "missing_lines": [], "excluded_lines": [], "start_line": 1}}, "classes": {"": {"executed_lines": [], "summary": {"covered_lines": 0, "num_statements": 0, "percent_covered": 100.0, "percent_covered_display": "100", "missing_lines": 0, "excluded_lines": 0, "percent_statements_covered": 100.0, "percent_statements_covered_display": "100"}, "missing_lines": [], "excluded_lines": [], "start_line": 1}}}, "src\\needradar\\crawlers\\base.py": {"executed_lines": [1, 3, 4, 6, 7, 9, 12, 13, 14, 16, 17, 23, 25, 34, 35, 36, 37, 38, 43, 44, 64, 65, 66], "summary": {"covered_lines": 23, "num_statements": 43, "percent_covered": 53.48837209302326, "percent_covered_display": "53", "missing_lines": 20, "excluded_lines": 3, "percent_statements_covered": 53.48837209302326, "percent_statements_covered_display": "53"}, "missing_lines": [18, 39, 40, 41, 42, 45, 46, 47, 48, 49, 50, 51, 52, 53, 54, 55, 56, 57, 58, 59], "excluded_lines": [61, 62, 63], "functions": {"BaseCrawler.__init__": {"executed_lines": [14], "summary": {"covered_lines": 1, "num_statements": 1, "percent_covered": 100.0, "percent_covered_display": "100", "missing_lines": 0, "excluded_lines": 0, "percent_statements_covered": 100.0, "percent_statements_covered_display": "100"}, "missing_lines": [], "excluded_lines": [], "start_line": 13}, "BaseCrawler._get_client": {"executed_lines": [17, 23], "summary": {"covered_lines": 2, "num_statements": 3, "percent_covered": 66.66666666666667, "percent_covered_display": "67", "missing_lines": 1, "excluded_lines": 0, "percent_statements_covered": 66.66666666666667, "percent_statements_covered_display": "67"}, "missing_lines": [18], "excluded_lines": [], "start_line": 16}, "BaseCrawler._request_with_retry": {"executed_lines": [34, 35, 36, 37, 38, 43, 44], "summary": {"covered_lines": 7, "num_statements": 26, "percent_covered": 26.923076923076923, "percent_covered_display": "27", "missing_lines": 19, "excluded_lines": 0, "percent_statements_covered": 26.923076923076923, "percent_statements_covered_display": "27"}, "missing_lines": [39, 40, 41, 42, 45, 46, 47, 48, 49, 50, 51, 52, 53, 54, 55, 56, 57, 58, 59], "excluded_lines": [], "start_line": 25}, "BaseCrawler.crawl": {"executed_lines": [], "summary": {"covered_lines": 0, "num_statements": 0, "percent_covered": 100.0, "percent_covered_display": "100", "missing_lines": 0, "excluded_lines": 1, "percent_statements_covered": 100.0, "percent_statements_covered_display": "100"}, "missing_lines": [], "excluded_lines": [62], "start_line": 62}, "BaseCrawler.close": {"executed_lines": [65, 66], "summary": {"covered_lines": 2, "num_statements": 2, "percent_covered": 100.0, "percent_covered_display": "100", "missing_lines": 0, "excluded_lines": 0, "percent_statements_covered": 100.0, "percent_statements_covered_display": "100"}, "missing_lines": [], "excluded_lines": [], "start_line": 64}, "": {"executed_lines": [1, 3, 4, 6, 7, 9, 12, 13, 16, 25, 64], "summary": {"covered_lines": 11, "num_statements": 11, "percent_covered": 100.0, "percent_covered_display": "100", "missing_lines": 0, "excluded_lines": 2, "percent_statements_covered": 100.0, "percent_statements_covered_display": "100"}, "missing_lines": [], "excluded_lines": [61, 63], "start_line": 1}}, "classes": {"BaseCrawler": {"executed_lines": [14, 17, 23, 34, 35, 36, 37, 38, 43, 44, 65, 66], "summary": {"covered_lines": 12, "num_statements": 32, "percent_covered": 37.5, "percent_covered_display": "38", "missing_lines": 20, "excluded_lines": 1, "percent_statements_covered": 37.5, "percent_statements_covered_display": "38"}, "missing_lines": [18, 39, 40, 41, 42, 45, 46, 47, 48, 49, 50, 51, 52, 53, 54, 55, 56, 57, 58, 59], "excluded_lines": [62], "start_line": 12}, "": {"executed_lines": [1, 3, 4, 6, 7, 9, 12, 13, 16, 25, 64], "summary": {"covered_lines": 11, "num_statements": 11, "percent_covered": 100.0, "percent_covered_display": "100", "missing_lines": 0, "excluded_lines": 2, "percent_statements_covered": 100.0, "percent_statements_covered_display": "100"}, "missing_lines": [], "excluded_lines": [61, 63], "start_line": 1}}}, "src\\needradar\\crawlers\\bilibili.py": {"executed_lines": [1, 3, 4, 5, 6, 7, 8, 10, 11, 13, 14, 16, 17, 18, 19, 20, 22, 28, 33, 36, 44, 49, 58, 67, 68, 70, 76, 86, 93, 103, 110, 158, 190, 243, 296, 328, 329, 341, 342, 349, 350], "summary": {"covered_lines": 41, "num_statements": 212, "percent_covered": 19.339622641509433, "percent_covered_display": "19", "missing_lines": 171, "excluded_lines": 0, "percent_statements_covered": 19.339622641509433, "percent_statements_covered_display": "19"}, "missing_lines": [45, 46, 50, 51, 52, 53, 54, 55, 59, 60, 61, 62, 63, 64, 71, 72, 73, 74, 77, 78, 84, 87, 88, 89, 90, 91, 95, 96, 97, 98, 99, 100, 101, 104, 105, 106, 112, 114, 115, 117, 118, 119, 121, 125, 126, 127, 128, 130, 131, 132, 134, 136, 137, 138, 140, 141, 142, 143, 145, 146, 147, 148, 150, 151, 153, 155, 156, 160, 162, 163, 164, 165, 166, 168, 169, 170, 171, 172, 174, 175, 176, 177, 185, 186, 199, 200, 202, 203, 205, 206, 207, 209, 210, 211, 212, 214, 224, 225, 226, 227, 228, 229, 230, 231, 232, 241, 245, 246, 248, 249, 250, 251, 253, 255, 256, 257, 259, 261, 262, 263, 264, 266, 267, 268, 270, 273, 274, 275, 277, 278, 281, 282, 283, 284, 285, 286, 288, 290, 291, 292, 294, 298, 299, 301, 302, 303, 307, 308, 309, 311, 312, 313, 315, 316, 317, 318, 320, 321, 322, 323, 324, 326, 330, 331, 332, 343, 344, 345, 346, 347, 351], "excluded_lines": [], "functions": {"_get_mixin_key": {"executed_lines": [], "summary": {"covered_lines": 0, "num_statements": 2, "percent_covered": 0.0, "percent_covered_display": "0", "missing_lines": 2, "excluded_lines": 0, "percent_statements_covered": 0.0, "percent_statements_covered_display": "0"}, "missing_lines": [45, 46], "excluded_lines": [], "start_line": 44}, "wbi_sign": {"executed_lines": [], "summary": {"covered_lines": 0, "num_statements": 6, "percent_covered": 0.0, "percent_covered_display": "0", "missing_lines": 6, "excluded_lines": 0, "percent_statements_covered": 0.0, "percent_statements_covered_display": "0"}, "missing_lines": [50, 51, 52, 53, 54, 55], "excluded_lines": [], "start_line": 49}, "fetch_wbi_keys": {"executed_lines": [], "summary": {"covered_lines": 0, "num_statements": 6, "percent_covered": 0.0, "percent_covered_display": "0", "missing_lines": 6, "excluded_lines": 0, "percent_statements_covered": 0.0, "percent_statements_covered_display": "0"}, "missing_lines": [59, 60, 61, 62, 63, 64], "excluded_lines": [], "start_line": 58}, "BilibiliCrawler.__init__": {"executed_lines": [], "summary": {"covered_lines": 0, "num_statements": 4, "percent_covered": 0.0, "percent_covered_display": "0", "missing_lines": 4, "excluded_lines": 0, "percent_statements_covered": 0.0, "percent_statements_covered_display": "0"}, "missing_lines": [71, 72, 73, 74], "excluded_lines": [], "start_line": 70}, "BilibiliCrawler._get_client": {"executed_lines": [], "summary": {"covered_lines": 0, "num_statements": 3, "percent_covered": 0.0, "percent_covered_display": "0", "missing_lines": 3, "excluded_lines": 0, "percent_statements_covered": 0.0, "percent_statements_covered_display": "0"}, "missing_lines": [77, 78, 84], "excluded_lines": [], "start_line": 76}, "BilibiliCrawler._init_session": {"executed_lines": [], "summary": {"covered_lines": 0, "num_statements": 5, "percent_covered": 0.0, "percent_covered_display": "0", "missing_lines": 5, "excluded_lines": 0, "percent_statements_covered": 0.0, "percent_statements_covered_display": "0"}, "missing_lines": [87, 88, 89, 90, 91], "excluded_lines": [], "start_line": 86}, "BilibiliCrawler._ensure_wbi_keys": {"executed_lines": [], "summary": {"covered_lines": 0, "num_statements": 7, "percent_covered": 0.0, "percent_covered_display": "0", "missing_lines": 7, "excluded_lines": 0, "percent_statements_covered": 0.0, "percent_statements_covered_display": "0"}, "missing_lines": [95, 96, 97, 98, 99, 100, 101], "excluded_lines": [], "start_line": 93}, "BilibiliCrawler._wbi_get": {"executed_lines": [], "summary": {"covered_lines": 0, "num_statements": 3, "percent_covered": 0.0, "percent_covered_display": "0", "missing_lines": 3, "excluded_lines": 0, "percent_statements_covered": 0.0, "percent_statements_covered_display": "0"}, "missing_lines": [104, 105, 106], "excluded_lines": [], "start_line": 103}, "BilibiliCrawler.crawl": {"executed_lines": [], "summary": {"covered_lines": 0, "num_statements": 31, "percent_covered": 0.0, "percent_covered_display": "0", "missing_lines": 31, "excluded_lines": 0, "percent_statements_covered": 0.0, "percent_statements_covered_display": "0"}, "missing_lines": [112, 114, 115, 117, 118, 119, 121, 125, 126, 127, 128, 130, 131, 132, 134, 136, 137, 138, 140, 141, 142, 143, 145, 146, 147, 148, 150, 151, 153, 155, 156], "excluded_lines": [], "start_line": 110}, "BilibiliCrawler.crawl_by_bvid": {"executed_lines": [], "summary": {"covered_lines": 0, "num_statements": 17, "percent_covered": 0.0, "percent_covered_display": "0", "missing_lines": 17, "excluded_lines": 0, "percent_statements_covered": 0.0, "percent_statements_covered_display": "0"}, "missing_lines": [160, 162, 163, 164, 165, 166, 168, 169, 170, 171, 172, 174, 175, 176, 177, 185, 186], "excluded_lines": [], "start_line": 158}, "BilibiliCrawler._collect_from_video": {"executed_lines": [], "summary": {"covered_lines": 0, "num_statements": 22, "percent_covered": 0.0, "percent_covered_display": "0", "missing_lines": 22, "excluded_lines": 0, "percent_statements_covered": 0.0, "percent_statements_covered_display": "0"}, "missing_lines": [199, 200, 202, 203, 205, 206, 207, 209, 210, 211, 212, 214, 224, 225, 226, 227, 228, 229, 230, 231, 232, 241], "excluded_lines": [], "start_line": 190}, "BilibiliCrawler._fetch_comments": {"executed_lines": [], "summary": {"covered_lines": 0, "num_statements": 35, "percent_covered": 0.0, "percent_covered_display": "0", "missing_lines": 35, "excluded_lines": 0, "percent_statements_covered": 0.0, "percent_statements_covered_display": "0"}, "missing_lines": [245, 246, 248, 249, 250, 251, 253, 255, 256, 257, 259, 261, 262, 263, 264, 266, 267, 268, 270, 273, 274, 275, 277, 278, 281, 282, 283, 284, 285, 286, 288, 290, 291, 292, 294], "excluded_lines": [], "start_line": 243}, "BilibiliCrawler._fetch_sub_replies": {"executed_lines": [], "summary": {"covered_lines": 0, "num_statements": 21, "percent_covered": 0.0, "percent_covered_display": "0", "missing_lines": 21, "excluded_lines": 0, "percent_statements_covered": 0.0, "percent_statements_covered_display": "0"}, "missing_lines": [298, 299, 301, 302, 303, 307, 308, 309, 311, 312, 313, 315, 316, 317, 318, 320, 321, 322, 323, 324, 326], "excluded_lines": [], "start_line": 296}, "BilibiliCrawler._parse_reply": {"executed_lines": [], "summary": {"covered_lines": 0, "num_statements": 3, "percent_covered": 0.0, "percent_covered_display": "0", "missing_lines": 3, "excluded_lines": 0, "percent_statements_covered": 0.0, "percent_statements_covered_display": "0"}, "missing_lines": [330, 331, 332], "excluded_lines": [], "start_line": 329}, "BilibiliCrawler._should_skip": {"executed_lines": [], "summary": {"covered_lines": 0, "num_statements": 5, "percent_covered": 0.0, "percent_covered_display": "0", "missing_lines": 5, "excluded_lines": 0, "percent_statements_covered": 0.0, "percent_statements_covered_display": "0"}, "missing_lines": [343, 344, 345, 346, 347], "excluded_lines": [], "start_line": 342}, "BilibiliCrawler._clean_title": {"executed_lines": [], "summary": {"covered_lines": 0, "num_statements": 1, "percent_covered": 0.0, "percent_covered_display": "0", "missing_lines": 1, "excluded_lines": 0, "percent_statements_covered": 0.0, "percent_statements_covered_display": "0"}, "missing_lines": [351], "excluded_lines": [], "start_line": 350}, "": {"executed_lines": [1, 3, 4, 5, 6, 7, 8, 10, 11, 13, 14, 16, 17, 18, 19, 20, 22, 28, 33, 36, 44, 49, 58, 67, 68, 70, 76, 86, 93, 103, 110, 158, 190, 243, 296, 328, 329, 341, 342, 349, 350], "summary": {"covered_lines": 41, "num_statements": 41, "percent_covered": 100.0, "percent_covered_display": "100", "missing_lines": 0, "excluded_lines": 0, "percent_statements_covered": 100.0, "percent_statements_covered_display": "100"}, "missing_lines": [], "excluded_lines": [], "start_line": 1}}, "classes": {"BilibiliCrawler": {"executed_lines": [], "summary": {"covered_lines": 0, "num_statements": 157, "percent_covered": 0.0, "percent_covered_display": "0", "missing_lines": 157, "excluded_lines": 0, "percent_statements_covered": 0.0, "percent_statements_covered_display": "0"}, "missing_lines": [71, 72, 73, 74, 77, 78, 84, 87, 88, 89, 90, 91, 95, 96, 97, 98, 99, 100, 101, 104, 105, 106, 112, 114, 115, 117, 118, 119, 121, 125, 126, 127, 128, 130, 131, 132, 134, 136, 137, 138, 140, 141, 142, 143, 145, 146, 147, 148, 150, 151, 153, 155, 156, 160, 162, 163, 164, 165, 166, 168, 169, 170, 171, 172, 174, 175, 176, 177, 185, 186, 199, 200, 202, 203, 205, 206, 207, 209, 210, 211, 212, 214, 224, 225, 226, 227, 228, 229, 230, 231, 232, 241, 245, 246, 248, 249, 250, 251, 253, 255, 256, 257, 259, 261, 262, 263, 264, 266, 267, 268, 270, 273, 274, 275, 277, 278, 281, 282, 283, 284, 285, 286, 288, 290, 291, 292, 294, 298, 299, 301, 302, 303, 307, 308, 309, 311, 312, 313, 315, 316, 317, 318, 320, 321, 322, 323, 324, 326, 330, 331, 332, 343, 344, 345, 346, 347, 351], "excluded_lines": [], "start_line": 67}, "": {"executed_lines": [1, 3, 4, 5, 6, 7, 8, 10, 11, 13, 14, 16, 17, 18, 19, 20, 22, 28, 33, 36, 44, 49, 58, 67, 68, 70, 76, 86, 93, 103, 110, 158, 190, 243, 296, 328, 329, 341, 342, 349, 350], "summary": {"covered_lines": 41, "num_statements": 55, "percent_covered": 74.54545454545455, "percent_covered_display": "75", "missing_lines": 14, "excluded_lines": 0, "percent_statements_covered": 74.54545454545455, "percent_statements_covered_display": "75"}, "missing_lines": [45, 46, 50, 51, 52, 53, 54, 55, 59, 60, 61, 62, 63, 64], "excluded_lines": [], "start_line": 1}}}, "src\\needradar\\crawlers\\factory.py": {"executed_lines": [1, 3, 4, 6, 8, 10, 13, 15, 16, 17, 18, 19, 20, 21, 22, 23, 24, 25, 26, 32, 33, 34, 39, 44, 45, 46, 47, 48, 49, 50, 53], "summary": {"covered_lin
[...]
cent_covered_display": "38", "missing_lines": 87, "excluded_lines": 0, "percent_statements_covered": 37.857142857142854, "percent_statements_covered_display": "38"}, "missing_lines": [22, 39, 40, 43, 44, 45, 46, 47, 48, 49, 50, 51, 52, 53, 54, 57, 58, 59, 60, 61, 62, 63, 64, 65, 68, 71, 72, 73, 76, 77, 78, 79, 80, 81, 82, 83, 84, 87, 88, 89, 90, 91, 92, 103, 106, 107, 112, 113, 114, 116, 117, 118, 119, 121, 122, 123, 124, 125, 126, 127, 128, 129, 130, 132, 133, 134, 135, 136, 143, 144, 145, 146, 147, 148, 150, 151, 152, 153, 154, 155, 156, 157, 166, 167, 168, 169, 170], "excluded_lines": [], "functions": {"VaultStore.__init__": {"executed_lines": [15, 16, 17, 18], "summary": {"covered_lines": 4, "num_statements": 4, "percent_covered": 100.0, "percent_covered_display": "100", "missing_lines": 0, "excluded_lines": 0, "percent_statements_covered": 100.0, "percent_statements_covered_display": "100"}, "missing_lines": [], "excluded_lines": [], "start_line": 14}, "VaultStore.root": {"executed_lines": [], "summary": {"covered_lines": 0, "num_statements": 1, "percent_covered": 0.0, "percent_covered_display": "0", "missing_lines": 1, "excluded_lines": 0, "percent_statements_covered": 0.0, "percent_statements_covered_display": "0"}, "missing_lines": [22], "excluded_lines": [], "start_line": 21}, "VaultStore._dir": {"executed_lines": [25, 35], "summary": {"covered_lines": 2, "num_statements": 2, "percent_covered": 100.0, "percent_covered_display": "100", "missing_lines": 0, "excluded_lines": 0, "percent_statements_covered": 100.0, "percent_statements_covered_display": "100"}, "missing_lines": [], "excluded_lines": [], "start_line": 24}, "VaultStore._safe_filename": {"executed_lines": [], "summary": {"covered_lines": 0, "num_statements": 2, "percent_covered": 0.0, "percent_covered_display": "0", "missing_lines": 2, "excluded_lines": 0, "percent_statements_covered": 0.0, "percent_statements_covered_display": "0"}, "missing_lines": [39, 40], "excluded_lines": [], "start_line": 38}, "VaultStore._parse_frontmatter": {"executed_lines": [], "summary": {"covered_lines": 0, "num_statements": 12, "percent_covered": 0.0, "percent_covered_display": "0", "missing_lines": 12, "excluded_lines": 0, "percent_statements_covered": 0.0, "percent_statements_covered_display": "0"}, "missing_lines": [43, 44, 45, 46, 47, 48, 49, 50, 51, 52, 53, 54], "excluded_lines": [], "start_line": 42}, "VaultStore._read_cached": {"executed_lines": [], "summary": {"covered_lines": 0, "num_statements": 9, "percent_covered": 0.0, "percent_covered_display": "0", "missing_lines": 9, "excluded_lines": 0, "percent_statements_covered": 0.0, "percent_statements_covered_display": "0"}, "missing_lines": [57, 58, 59, 60, 61, 62, 63, 64, 65], "excluded_lines": [], "start_line": 56}, "VaultStore._render_frontmatter": {"executed_lines": [], "summary": {"covered_lines": 0, "num_statements": 1, "percent_covered": 0.0, "percent_covered_display": "0", "missing_lines": 1, "excluded_lines": 0, "percent_statements_covered": 0.0, "percent_statements_covered_display": "0"}, "missing_lines": [68], "excluded_lines": [], "start_line": 67}, "VaultStore.read": {"executed_lines": [], "summary": {"covered_lines": 0, "num_statements": 3, "percent_covered": 0.0, "percent_covered_display": "0", "missing_lines": 3, "excluded_lines": 0, "percent_statements_covered": 0.0, "percent_statements_covered_display": "0"}, "missing_lines": [71, 72, 73], "excluded_lines": [], "start_line": 70}, "VaultStore.write": {"executed_lines": [], "summary": {"covered_lines": 0, "num_statements": 9, "percent_covered": 0.0, "percent_covered_display": "0", "missing_lines": 9, "excluded_lines": 0, "percent_statements_covered": 0.0, "percent_statements_covered_display": "0"}, "missing_lines": [76, 77, 78, 79, 80, 81, 82, 83, 84], "excluded_lines": [], "start_line": 75}, "VaultStore.update_frontmatter": {"executed_lines": [], "summary": {"covered_lines": 0, "num_statements": 6, "percent_covered": 0.0, "percent_covered_display": "0", "missing_lines": 6, "excluded_lines": 0, "percent_statements_covered": 0.0, "percent_statements_covered_display": "0"}, "missing_lines": [87, 88, 89, 90, 91, 92], "excluded_lines": [], "start_line": 86}, "VaultStore.list_files": {"executed_lines": [95, 96, 97, 98, 99, 101, 102, 104, 105, 108, 109], "summary": {"covered_lines": 11, "num_statements": 14, "percent_covered": 78.57142857142857, "percent_covered_display": "79", "missing_lines": 3, "excluded_lines": 0, "percent_statements_covered": 78.57142857142857, "percent_statements_covered_display": "79"}, "missing_lines": [103, 106, 107], "excluded_lines": [], "start_line": 94}, "VaultStore.find_by_title": {"executed_lines": [], "summary": {"covered_lines": 0, "num_statements": 18, "percent_covered": 0.0, "percent_covered_display": "0", "missing_lines": 18, "excluded_lines": 0, "percent_statements_covered": 0.0, "percent_statements_covered_display": "0"}, "missing_lines": [112, 113, 114, 116, 117, 118, 119, 121, 122, 127, 128, 129, 130, 132, 133, 134, 135, 136], "excluded_lines": [], "start_line": 111}, "VaultStore.find_by_title.normalize": {"executed_lines": [], "summary": {"covered_lines": 0, "num_statements": 4, "percent_covered": 0.0, "percent_covered_display": "0", "missing_lines": 4, "excluded_lines": 0, "percent_statements_covered": 0.0, "percent_statements_covered_display": "0"}, "missing_lines": [123, 124, 125, 126], "excluded_lines": [], "start_line": 122}, "VaultStore.search": {"executed_lines": [140, 141, 142, 158, 159, 160], "summary": {"covered_lines": 6, "num_statements": 20, "percent_covered": 30.0, "percent_covered_display": "30", "missing_lines": 14, "excluded_lines": 0, "percent_statements_covered": 30.0, "percent_statements_covered_display": "30"}, "missing_lines": [143, 144, 145, 146, 147, 148, 150, 151, 152, 153, 154, 155, 156, 157], "excluded_lines": [], "start_line": 138}, "VaultStore.top_keywords": {"executed_lines": [163, 164, 165, 171, 172], "summary": {"covered_lines": 5, "num_statements": 10, "percent_covered": 50.0, "percent_covered_display": "50", "missing_lines": 5, "excluded_lines": 0, "percent_statements_covered": 50.0, "percent_statements_covered_display": "50"}, "missing_lines": [166, 167, 168, 169, 170], "excluded_lines": [], "start_line": 162}, "": {"executed_lines": [1, 3, 4, 5, 6, 8, 10, 13, 14, 20, 21, 24, 37, 38, 42, 56, 67, 70, 75, 86, 94, 111, 138, 162, 175], "summary": {"covered_lines": 25, "num_statements": 25, "percent_covered": 100.0, "percent_covered_display": "100", "missing_lines": 0, "excluded_lines": 0, "percent_statements_covered": 100.0, "percent_statements_covered_display": "100"}, "missing_lines": [], "excluded_lines": [], "start_line": 1}}, "classes": {"VaultStore": {"executed_lines": [15, 16, 17, 18, 25, 35, 95, 96, 97, 98, 99, 101, 102, 104, 105, 108, 109, 140, 141, 142, 158, 159, 160, 163, 164, 165, 171, 172], "summary": {"covered_lines": 28, "num_statements": 115, "percent_covered": 24.347826086956523, "percent_covered_display": "24", "missing_lines": 87, "excluded_lines": 0, "percent_statements_covered": 24.347826086956523, "percent_statements_covered_display": "24"}, "missing_lines": [22, 39, 40, 43, 44, 45, 46, 47, 48, 49, 50, 51, 52, 53, 54, 57, 58, 59, 60, 61, 62, 63, 64, 65, 68, 71, 72, 73, 76, 77, 78, 79, 80, 81, 82, 83, 84, 87, 88, 89, 90, 91, 92, 103, 106, 107, 112, 113, 114, 116, 117, 118, 119, 121, 122, 123, 124, 125, 126, 127, 128, 129, 130, 132, 133, 134, 135, 136, 143, 144, 145, 146, 147, 148, 150, 151, 152, 153, 154, 155, 156, 157, 166, 167, 168, 169, 170], "excluded_lines": [], "start_line": 13}, "": {"executed_lines": [1, 3, 4, 5, 6, 8, 10, 13, 14, 20, 21, 24, 37, 38, 42, 56, 67, 70, 75, 86, 94, 111, 138, 162, 175], "summary": {"covered_lines": 25, "num_statements": 25, "percent_covered": 100.0, "percent_covered_display": "100", "missing_lines": 0, "excluded_lines": 0, "percent_statements_covered": 100.0, "percent_statements_covered_display": "100"}, "missing_lines": [], "excluded_lines": [], "start_line": 1}}}, "src\\needradar\\utils\\__init__.py": {"executed_lines": [], "summary": {"covered_lines": 0, "num_statements": 0, "percent_covered": 100.0, "percent_covered_display": "100", "missing_lines": 0, "excluded_lines": 0, "percent_statements_covered": 100.0, "percent_statements_covered_display": "100"}, "missing_lines": [], "excluded_lines": [], "functions": {"": {"executed_lines": [], "summary": {"covered_lines": 0, "num_statements": 0, "percent_covered": 100.0, "percent_covered_display": "100", "missing_lines": 0, "excluded_lines": 0, "percent_statements_covered": 100.0, "percent_statements_covered_display": "100"}, "missing_lines": [], "excluded_lines": [], "start_line": 1}}, "classes": {"": {"executed_lines": [], "summary": {"covered_lines": 0, "num_statements": 0, "percent_covered": 100.0, "percent_covered_display": "100", "missing_lines": 0, "excluded_lines": 0, "percent_statements_covered": 100.0, "percent_statements_covered_display": "100"}, "missing_lines": [], "excluded_lines": [], "start_line": 1}}}, "src\\needradar\\vector\\__init__.py": {"executed_lines": [3, 6], "summary": {"covered_lines": 2, "num_statements": 6, "percent_covered": 33.333333333333336, "percent_covered_display": "33", "missing_lines": 4, "excluded_lines": 0, "percent_statements_covered": 33.333333333333336, "percent_statements_covered_display": "33"}, "missing_lines": [7, 8, 9, 10], "excluded_lines": [], "functions": {"create_vector_store": {"executed_lines": [], "summary": {"covered_lines": 0, "num_statements": 4, "percent_covered": 0.0, "percent_covered_display": "0", "missing_lines": 4, "excluded_lines": 0, "percent_statements_covered": 0.0, "percent_statements_covered_display": "0"}, "missing_lines": [7, 8, 9, 10], "excluded_lines": [], "start_line": 6}, "": {"executed_lines": [3, 6], "summary": {"covered_lines": 2, "num_statements": 2, "percent_covered": 100.0, "percent_covered_display": "100", "missing_lines": 0, "excluded_lines": 0, "percent_statements_covered": 100.0, "percent_statements_covered_display": "100"}, "missing_lines": [], "excluded_lines": [], "start_line": 1}}, "classes": {"": {"executed_lines": [3, 6], "summary": {"covered_lines": 2, "num_statements": 6, "percent_covered": 33.333333333333336, "percent_covered_display": "33", "missing_lines": 4, "excluded_lines": 0, "percent_statements_covered": 33.333333333333336, "percent_statements_covered_display": "33"}, "missing_lines": [7, 8, 9, 10], "excluded_lines": [], "start_line": 1}}}, "src\\needradar\\vector\\base.py": {"executed_lines": [1, 3, 4, 7, 8, 9, 10, 11, 12, 15], "summary": {"covered_lines": 10, "num_statements": 10, "percent_covered": 100.0, "percent_covered_display": "100", "missing_lines": 0, "excluded_lines": 22, "percent_statements_covered": 100.0, "percent_statements_covered_display": "100"}, "missing_lines": [], "excluded_lines": [16, 17, 18, 19, 20, 21, 22, 23, 24, 25, 26, 27, 28, 29, 30, 31, 32, 33, 34, 35, 36, 37], "functions": {"VectorStore.add": {"executed_lines": [], "summary": {"covered_lines": 0, "num_statements": 0, "percent_covered": 100.0, "percent_covered_display": "100", "missing_lines": 0, "excluded_lines": 1, "percent_statements_covered": 100.0, "percent_statements_covered_display": "100"}, "missing_lines": [], "excluded_lines": [22], "start_line": 17}, "VectorStore.query": {"executed_lines": [], "summary": {"covered_lines": 0, "num_statements": 0, "percent_covered": 100.0, "percent_covered_display": "100", "missing_lines": 0, "excluded_lines": 1, "percent_statements_covered": 100.0, "percent_statements_covered_display": "100"}, "missing_lines": [], "excluded_lines": [30], "start_line": 25}, "VectorStore.delete": {"executed_lines": [], "summary": {"covered_lines": 0, "num_statements": 0, "percent_covered": 100.0, "percent_covered_display": "100", "missing_lines": 0, "excluded_lines": 1, "percent_statements_covered": 100.0, "percent_statements_covered_display": "100"}, "missing_lines": [], "excluded_lines": [33], "start_line": 33}, "VectorStore.count": {"executed_lines": [], "summary": {"covered_lines": 0, "num_statements": 0, "percent_covered": 100.0, "percent_covered_display": "100", "missing_lines": 0, "excluded_lines": 1, "percent_statements_covered": 100.0, "percent_statements_covered_display": "100"}, "missing_lines": [], "excluded_lines": [36], "start_line": 36}, "": {"executed_lines": [1, 3, 4, 7, 8, 9, 10, 11, 12, 15], "summary": {"covered_lines": 10, "num_statements": 10, "percent_covered": 100.0, "percent_covered_display": "100", "missing_lines": 0, "excluded_lines": 17, "percent_statements_covered": 100.0, "percent_statements_covered_display": "100"}, "missing_lines": [], "excluded_lines": [16, 17, 18, 19, 20, 21, 23, 24, 25, 26, 27, 28, 29, 31, 32, 34, 35], "start_line": 1}}, "classes": {"SearchResult": {"executed_lines": [], "summary": {"covered_lines": 0, "num_statements": 0, "percent_covered": 100.0, "percent_covered_display": "100", "missing_lines": 0, "excluded_lines": 0, "percent_statements_covered": 100.0, "percent_statements_covered_display": "100"}, "missing_lines": [], "excluded_lines": [], "start_line": 8}, "VectorStore": {"executed_lines": [], "summary": {"covered_lines": 0, "num_statements": 0, "percent_covered": 100.0, "percent_covered_display": "100", "missing_lines": 0, "excluded_lines": 4, "percent_statements_covered": 100.0, "percent_statements_covered_display": "100"}, "missing_lines": [], "excluded_lines": [22, 30, 33, 36], "start_line": 15}, "": {"executed_lines": [1, 3, 4, 7, 8, 9, 10, 11, 12, 15], "summary": {"covered_lines": 10, "num_statements": 10, "percent_covered": 100.0, "percent_covered_display": "100", "missing_lines": 0, "excluded_lines": 17, "percent_statements_covered": 100.0, "percent_statements_covered_display": "100"}, "missing_lines": [], "excluded_lines": [16, 17, 18, 19, 20, 21, 23, 24, 25, 26, 27, 28, 29, 31, 32, 34, 35], "start_line": 1}}}, "src\\needradar\\vector\\chroma_store.py": {"executed_lines": [], "summary": {"covered_lines": 0, "num_statements": 64, "percent_covered": 0.0, "percent_covered_display": "0", "missing_lines": 64, "excluded_lines": 0, "percent_statements_covered": 0.0, "percent_statements_covered_display": "0"}, "missing_lines": [1, 3, 5, 6, 7, 9, 10, 12, 13, 16, 18, 19, 20, 23, 25, 27, 28, 29, 32, 35, 37, 38, 41, 42, 43, 44, 46, 47, 53, 54, 55, 57, 63, 64, 69, 70, 71, 72, 73, 78, 79, 80, 82, 88, 89, 90, 91, 92, 93, 94, 95, 96, 97, 99, 105, 110, 111, 112, 113, 114, 119, 120, 122, 123], "excluded_lines": [], "functions": {"_get_client": {"executed_lines": [], "summary": {"covered_lines": 0, "num_statements": 3, "percent_covered": 0.0, "percent_covered_display": "0", "missing_lines": 3, "excluded_lines": 0, "percent_statements_covered": 0.0, "percent_statements_covered_display": "0"}, "missing_lines": [18, 19, 20], "excluded_lines": [], "start_line": 16}, "_get_ef": {"executed_lines": [], "summary": {"covered_lines": 0, "num_statements": 5, "percent_covered": 0.0, "percent_covered_display": "0", "missing_lines": 5, "excluded_lines": 0, "percent_statements_covered": 0.0, "percent_statements_covered_display": "0"}, "missing_lines": [25, 27, 28, 29, 32], "excluded_lines": [], "start_line": 23}, "_reset_globals": {"executed_lines": [], "summary": {"covered_lines": 0, "num_statements": 2, "percent_covered": 0.0, "percent_covered_display": "0", "missing_lines": 2, "excluded_lines": 0, "percent_statements_covered": 0.0, "percent_statements_covered_display": "0"}, "missing_lines": [37, 38], "excluded_lines": [], "start_line": 35}, "ChromaVectorStore.__init__": {"executed_lines": [], "summary": {"covered_lines": 0, "num_statements": 2, "percent_covered": 0.0, "percent_covered_display": "0", "missing_lines": 2, "excluded_lines": 0, "percent_statements_covered": 0.0, "percent_statements_covered_display": "0"}, "missing_lines": [43, 44], "excluded_lines": [], "start_line": 42}, "ChromaVectorStore._init_collection": {"executed_lines": [], "summary": {"covered_lines": 0, "num_statements": 1, "percent_covered": 0.0, "percent_covered_display": "0", "missing_lines": 1, "excluded_lines": 0, "percent_statements_covered": 0.0, "percent_statements_covered_display": "0"}, "missing_lines": [47], "excluded_lines": [], "start_line": 46}, "ChromaVectorStore._reset_collection": {"executed_lines": [], "summary": {"covered_lines": 0, "num_statements": 2, "percent_covered": 0.0, "percent_covered_display": "0", "missing_lines": 2, "excluded_lines": 0, "percent_statements_covered": 0.0, "percent_statements_covered_display": "0"}, "missing_lines": [54, 55], "excluded_lines": [], "start_line": 53}, "ChromaVectorStore.add": {"executed_lines": [], "summary": {"covered_lines": 0, "num_statements": 10, "percent_covered": 0.0, "percent_covered_display": "0", "missing_lines": 10, "excluded_lines": 0, "percent_statements_covered": 0.0, "percent_statements_covered_display": "0"}, "missing_lines": [63, 64, 69, 70, 71, 72, 73, 78, 79, 80], "excluded_lines": [], "start_line": 57}, "ChromaVectorStore.query": {"executed_lines": [], "summary": {"covered_lines": 0, "num_statements": 10, "percent_covered": 0.0, "percent_covered_display": "0", "missing_lines": 10, "excluded_lines": 0, "percent_statements_covered": 0.0, "percent_statements_covered_display": "0"}, "missing_lines": [88, 89, 90, 91, 92, 93, 94, 95, 96, 97], "excluded_lines": [], "start_line": 82}, "ChromaVectorStore._do_query": {"executed_lines": [], "summary": {"covered_lines": 0, "num_statements": 6, "percent_covered": 0.0, "percent_covered_display": "0", "missing_lines": 6, "excluded_lines": 0, "percent_statements_covered": 0.0, "percent_statements_covered_display": "0"}, "missing_lines": [105, 110, 111, 112, 113, 114], "excluded_lines": [], "start_line": 99}, "ChromaVectorStore.delete": {"executed_lines": [], "summary": {"covered_lines": 0, "num_statements": 1, "percent_covered": 0.0, "percent_covered_display": "0", "missing_lines": 1, "excluded_lines": 0, "percent_statements_covered": 0.0, "percent_statements_covered_display": "0"}, "missing_lines": [120], "excluded_lines": [], "start_line": 119}, "ChromaVectorStore.count": {"executed_lines": [], "summary": {"covered_lines": 0, "num_statements": 1, "percent_covered": 0.0, "percent_covered_display": "0", "missing_lines": 1, "excluded_lines": 0, "percent_statements_covered": 0.0, "percent_statements_covered_display": "0"}, "missing_lines": [123], "excluded_lines": [], "start_line": 122}, "": {"executed_lines": [], "summary": {"covered_lines": 0, "num_statements": 21, "percent_covered": 0.0, "percent_covered_display": "0", "missing_lines": 21, "excluded_lines": 0, "percent_statements_covered": 0.0, "percent_statements_covered_display": "0"}, "missing_lines": [1, 3, 5, 6, 7, 9, 10, 12, 13, 16, 23, 35, 41, 42, 46, 53, 57, 82, 99, 119, 122], "excluded_lines": [], "start_line": 1}}, "classes": {"ChromaVectorStore": {"executed_lines": [], "summary": {"covered_lines": 0, "num_statements": 33, "percent_covered": 0.0, "percent_covered_display": "0", "missing_lines": 33, "excluded_lines": 0, "percent_statements_covered": 0.0, "percent_statements_covered_display": "0"}, "missing_lines": [43, 44, 47, 54, 55, 63, 64, 69, 70, 71, 72, 73, 78, 79, 80, 88, 89, 90, 91, 92, 93, 94, 95, 96, 97, 105, 110, 111, 112, 113, 114, 120, 123], "excluded_lines": [], "start_line": 41}, "": {"executed_lines": [], "summary": {"covered_lines": 0, "num_statements": 31, "percent_covered": 0.0, "percent_covered_display": "0", "missing_lines": 31, "excluded_lines": 0, "percent_statements_covered": 0.0, "percent_statements_covered_display": "0"}, "missing_lines": [1, 3, 5, 6, 7, 9, 10, 12, 13, 16, 18, 19, 20, 23, 25, 27, 28, 29, 32, 35, 37, 38, 41, 42, 46, 53, 57, 82, 99, 119, 122], "excluded_lines": [], "start_line": 1}}}}, "totals": {"covered_lines": 1345, "num_statements": 3285, "percent_covered": 40.94368340943684, "percent_covered_display": "41", "missing_lines": 1940, "excluded_lines": 27, "percent_statements_covered": 40.94368340943684, "percent_statements_covered_display": "41"}}